{"C:\\Users\\minor\\Documents\\desarrollo\\proyectos-node\\api_node\\api.js":{"path":"C:\\Users\\minor\\Documents\\desarrollo\\proyectos-node\\api_node\\api.js","statementMap":{"0":{"start":{"line":1,"column":16},"end":{"line":1,"column":34}},"1":{"start":{"line":2,"column":19},"end":{"line":2,"column":41}},"2":{"start":{"line":3,"column":17},"end":{"line":3,"column":36}},"3":{"start":{"line":4,"column":21},"end":{"line":4,"column":45}},"4":{"start":{"line":5,"column":0},"end":{"line":5,"column":27}},"5":{"start":{"line":6,"column":0},"end":{"line":6,"column":34}},"6":{"start":{"line":7,"column":13},"end":{"line":7,"column":28}},"7":{"start":{"line":8,"column":18},"end":{"line":8,"column":47}},"8":{"start":{"line":9,"column":20},"end":{"line":9,"column":40}},"9":{"start":{"line":10,"column":19},"end":{"line":10,"column":44}},"10":{"start":{"line":12,"column":12},"end":{"line":12,"column":21}},"11":{"start":{"line":13,"column":0},"end":{"line":13,"column":31}},"12":{"start":{"line":16,"column":0},"end":{"line":40,"column":1}},"13":{"start":{"line":17,"column":27},"end":{"line":17,"column":80}},"14":{"start":{"line":17,"column":71},"end":{"line":17,"column":79}},"15":{"start":{"line":18,"column":4},"end":{"line":20,"column":5}},"16":{"start":{"line":19,"column":8},"end":{"line":19,"column":53}},"17":{"start":{"line":21,"column":4},"end":{"line":32,"column":6}},"18":{"start":{"line":23,"column":12},"end":{"line":23,"column":53}},"19":{"start":{"line":23,"column":25},"end":{"line":23,"column":53}},"20":{"start":{"line":24,"column":12},"end":{"line":26,"column":13}},"21":{"start":{"line":25,"column":16},"end":{"line":25,"column":44}},"22":{"start":{"line":27,"column":12},"end":{"line":27,"column":62}},"23":{"start":{"line":34,"column":4},"end":{"line":39,"column":6}},"24":{"start":{"line":42,"column":0},"end":{"line":42,"column":27}},"25":{"start":{"line":43,"column":13},"end":{"line":43,"column":37}},"26":{"start":{"line":45,"column":0},"end":{"line":45,"column":24}},"27":{"start":{"line":46,"column":0},"end":{"line":46,"column":27}},"28":{"start":{"line":49,"column":0},"end":{"line":49,"column":47}},"29":{"start":{"line":50,"column":0},"end":{"line":50,"column":53}},"30":{"start":{"line":53,"column":0},"end":{"line":53,"column":68}},"31":{"start":{"line":56,"column":0},"end":{"line":56,"column":28}},"32":{"start":{"line":59,"column":0},"end":{"line":71,"column":3}},"33":{"start":{"line":60,"column":4},"end":{"line":60,"column":29}},"34":{"start":{"line":62,"column":4},"end":{"line":64,"column":5}},"35":{"start":{"line":63,"column":8},"end":{"line":63,"column":86}},"36":{"start":{"line":67,"column":23},"end":{"line":67,"column":44}},"37":{"start":{"line":68,"column":20},"end":{"line":68,"column":66}},"38":{"start":{"line":70,"column":4},"end":{"line":70,"column":45}},"39":{"start":{"line":73,"column":13},"end":{"line":73,"column":37}},"40":{"start":{"line":76,"column":0},"end":{"line":80,"column":1}},"41":{"start":{"line":77,"column":2},"end":{"line":79,"column":5}},"42":{"start":{"line":78,"column":4},"end":{"line":78,"column":59}},"43":{"start":{"line":82,"column":0},"end":{"line":82,"column":21}}},"fnMap":{"0":{"name":"(anonymous_0)","decl":{"start":{"line":17,"column":66},"end":{"line":17,"column":67}},"loc":{"start":{"line":17,"column":71},"end":{"line":17,"column":79}},"line":17},"1":{"name":"(anonymous_1)","decl":{"start":{"line":22,"column":16},"end":{"line":22,"column":17}},"loc":{"start":{"line":22,"column":38},"end":{"line":28,"column":9}},"line":22},"2":{"name":"(anonymous_2)","decl":{"start":{"line":59,"column":8},"end":{"line":59,"column":9}},"loc":{"start":{"line":59,"column":34},"end":{"line":71,"column":1}},"line":59},"3":{"name":"(anonymous_3)","decl":{"start":{"line":77,"column":19},"end":{"line":77,"column":20}},"loc":{"start":{"line":77,"column":25},"end":{"line":79,"column":3}},"line":77}},"branchMap":{"0":{"loc":{"start":{"line":16,"column":0},"end":{"line":40,"column":1}},"type":"if","locations":[{"start":{"line":16,"column":0},"end":{"line":40,"column":1}},{"start":{"line":33,"column":7},"end":{"line":40,"column":1}}],"line":16},"1":{"loc":{"start":{"line":18,"column":4},"end":{"line":20,"column":5}},"type":"if","locations":[{"start":{"line":18,"column":4},"end":{"line":20,"column":5}},{"start":{},"end":{}}],"line":18},"2":{"loc":{"start":{"line":23,"column":12},"end":{"line":23,"column":53}},"type":"if","locations":[{"start":{"line":23,"column":12},"end":{"line":23,"column":53}},{"start":{},"end":{}}],"line":23},"3":{"loc":{"start":{"line":24,"column":12},"end":{"line":26,"column":13}},"type":"if","locations":[{"start":{"line":24,"column":12},"end":{"line":26,"column":13}},{"start":{},"end":{}}],"line":24},"4":{"loc":{"start":{"line":43,"column":13},"end":{"line":43,"column":37}},"type":"binary-expr","locations":[{"start":{"line":43,"column":13},"end":{"line":43,"column":29}},{"start":{"line":43,"column":33},"end":{"line":43,"column":37}}],"line":43},"5":{"loc":{"start":{"line":62,"column":4},"end":{"line":64,"column":5}},"type":"if","locations":[{"start":{"line":62,"column":4},"end":{"line":64,"column":5}},{"start":{},"end":{}}],"line":62},"6":{"loc":{"start":{"line":67,"column":23},"end":{"line":67,"column":44}},"type":"binary-expr","locations":[{"start":{"line":67,"column":23},"end":{"line":67,"column":37}},{"start":{"line":67,"column":41},"end":{"line":67,"column":44}}],"line":67},"7":{"loc":{"start":{"line":68,"column":20},"end":{"line":68,"column":66}},"type":"binary-expr","locations":[{"start":{"line":68,"column":20},"end":{"line":68,"column":31}},{"start":{"line":68,"column":35},"end":{"line":68,"column":66}}],"line":68},"8":{"loc":{"start":{"line":73,"column":13},"end":{"line":73,"column":37}},"type":"binary-expr","locations":[{"start":{"line":73,"column":13},"end":{"line":73,"column":29}},{"start":{"line":73,"column":33},"end":{"line":73,"column":37}}],"line":73},"9":{"loc":{"start":{"line":76,"column":0},"end":{"line":80,"column":1}},"type":"if","locations":[{"start":{"line":76,"column":0},"end":{"line":80,"column":1}},{"start":{},"end":{}}],"line":76}},"s":{"0":1,"1":1,"2":1,"3":1,"4":1,"5":1,"6":1,"7":1,"8":1,"9":1,"10":1,"11":1,"12":1,"13":1,"14":1,"15":1,"16":0,"17":1,"18":39,"19":39,"20":0,"21":0,"22":0,"23":0,"24":1,"25":1,"26":1,"27":1,"28":1,"29":1,"30":1,"31":1,"32":1,"33":0,"34":0,"35":0,"36":0,"37":0,"38":0,"39":1,"40":1,"41":0,"42":0,"43":1},"f":{"0":1,"1":39,"2":0,"3":0},"b":{"0":[1,0],"1":[0,1],"2":[39,0],"3":[0,0],"4":[1,0],"5":[0,0],"6":[0,0],"7":[0,0],"8":[1,0],"9":[0,1]},"_coverageSchema":"1a1c01bbd47fc00a2c39e90264f33305004495a9","hash":"3232495c0bc4e7b8b2b589357ae34e2550d64c2f","contentHash":"c6223e33ac4ebdbac9c6b2e7e92bf25875cf27fb5d7644e530d9e4feeb442b60"},"C:\\Users\\minor\\Documents\\desarrollo\\proyectos-node\\api_node\\middlewares\\passport.js":{"path":"C:\\Users\\minor\\Documents\\desarrollo\\proyectos-node\\api_node\\middlewares\\passport.js","statementMap":{"0":{"start":{"line":1,"column":17},"end":{"line":1,"column":36}},"1":{"start":{"line":2,"column":22},"end":{"line":2,"column":56}},"2":{"start":{"line":3,"column":20},"end":{"line":3,"column":52}},"3":{"start":{"line":4,"column":19},"end":{"line":4,"column":53}},"4":{"start":{"line":5,"column":13},"end":{"line":5,"column":44}},"5":{"start":{"line":6,"column":15},"end":{"line":6,"column":34}},"6":{"start":{"line":7,"column":0},"end":{"line":7,"column":27}},"7":{"start":{"line":8,"column":18},"end":{"line":8,"column":40}},"8":{"start":{"line":11,"column":0},"end":{"line":27,"column":4}},"9":{"start":{"line":14,"column":4},"end":{"line":26,"column":5}},"10":{"start":{"line":15,"column":21},"end":{"line":15,"column":53}},"11":{"start":{"line":16,"column":8},"end":{"line":18,"column":9}},"12":{"start":{"line":17,"column":12},"end":{"line":17,"column":83}},"13":{"start":{"line":19,"column":24},"end":{"line":19,"column":69}},"14":{"start":{"line":20,"column":8},"end":{"line":22,"column":9}},"15":{"start":{"line":21,"column":12},"end":{"line":21,"column":36}},"16":{"start":{"line":23,"column":8},"end":{"line":23,"column":71}},"17":{"start":{"line":25,"column":8},"end":{"line":25,"column":27}},"18":{"start":{"line":30,"column":13},"end":{"line":30,"column":15}},"19":{"start":{"line":31,"column":0},"end":{"line":31,"column":63}},"20":{"start":{"line":32,"column":0},"end":{"line":32,"column":29}},"21":{"start":{"line":34,"column":0},"end":{"line":44,"column":4}},"22":{"start":{"line":35,"column":4},"end":{"line":43,"column":5}},"23":{"start":{"line":36,"column":21},"end":{"line":36,"column":56}},"24":{"start":{"line":37,"column":8},"end":{"line":39,"column":9}},"25":{"start":{"line":38,"column":12},"end":{"line":38,"column":37}},"26":{"start":{"line":40,"column":8},"end":{"line":40,"column":32}},"27":{"start":{"line":42,"column":8},"end":{"line":42,"column":34}},"28":{"start":{"line":46,"column":0},"end":{"line":46,"column":26}}},"fnMap":{"0":{"name":"(anonymous_0)","decl":{"start":{"line":13,"column":3},"end":{"line":13,"column":4}},"loc":{"start":{"line":13,"column":36},"end":{"line":27,"column":1}},"line":13},"1":{"name":"(anonymous_1)","decl":{"start":{"line":34,"column":35},"end":{"line":34,"column":36}},"loc":{"start":{"line":34,"column":63},"end":{"line":44,"column":1}},"line":34}},"branchMap":{"0":{"loc":{"start":{"line":16,"column":8},"end":{"line":18,"column":9}},"type":"if","locations":[{"start":{"line":16,"column":8},"end":{"line":18,"column":9}},{"start":{},"end":{}}],"line":16},"1":{"loc":{"start":{"line":20,"column":8},"end":{"line":22,"column":9}},"type":"if","locations":[{"start":{"line":20,"column":8},"end":{"line":22,"column":9}},{"start":{},"end":{}}],"line":20},"2":{"loc":{"start":{"line":37,"column":8},"end":{"line":39,"column":9}},"type":"if","locations":[{"start":{"line":37,"column":8},"end":{"line":39,"column":9}},{"start":{},"end":{}}],"line":37}},"s":{"0":1,"1":1,"2":1,"3":1,"4":1,"5":1,"6":1,"7":1,"8":1,"9":0,"10":0,"11":0,"12":0,"13":0,"14":0,"15":0,"16":0,"17":0,"18":1,"19":1,"20":1,"21":1,"22":0,"23":0,"24":0,"25":0,"26":0,"27":0,"28":1},"f":{"0":0,"1":0},"b":{"0":[0,0],"1":[0,0],"2":[0,0]},"_coverageSchema":"1a1c01bbd47fc00a2c39e90264f33305004495a9","hash":"42311bc93fef845b6e01a6f65e1f42ac5bc47dbe","contentHash":"a2d63e112b94bfa98abd8fdf515fc91d57fff829e50ed0e4158f5e7ab94069d3"},"C:\\Users\\minor\\Documents\\desarrollo\\proyectos-node\\api_node\\models\\usersModel.js":{"path":"C:\\Users\\minor\\Documents\\desarrollo\\proyectos-node\\api_node\\models\\usersModel.js","statementMap":{"0":{"start":{"line":1,"column":11},"end":{"line":1,"column":27}},"1":{"start":{"line":9,"column":19},"end":{"line":13,"column":1}},"2":{"start":{"line":10,"column":14},"end":{"line":10,"column":68}},"3":{"start":{"line":11,"column":19},"end":{"line":11,"column":60}},"4":{"start":{"line":12,"column":2},"end":{"line":12,"column":43}},"5":{"start":{"line":20,"column":23},"end":{"line":23,"column":1}},"6":{"start":{"line":21,"column":17},"end":{"line":21,"column":85}},"7":{"start":{"line":22,"column":2},"end":{"line":22,"column":17}},"8":{"start":{"line":30,"column":17},"end":{"line":33,"column":1}},"9":{"start":{"line":31,"column":17},"end":{"line":31,"column":73}},"10":{"start":{"line":32,"column":2},"end":{"line":32,"column":17}},"11":{"start":{"line":39,"column":16},"end":{"line":42,"column":1}},"12":{"start":{"line":40,"column":17},"end":{"line":40,"column":65}},"13":{"start":{"line":41,"column":2},"end":{"line":41,"column":14}},"14":{"start":{"line":50,"column":19},"end":{"line":54,"column":1}},"15":{"start":{"line":51,"column":14},"end":{"line":51,"column":58}},"16":{"start":{"line":52,"column":19},"end":{"line":52,"column":54}},"17":{"start":{"line":53,"column":2},"end":{"line":53,"column":16}},"18":{"start":{"line":61,"column":19},"end":{"line":64,"column":1}},"19":{"start":{"line":62,"column":19},"end":{"line":62,"column":73}},"20":{"start":{"line":63,"column":2},"end":{"line":63,"column":16}},"21":{"start":{"line":66,"column":0},"end":{"line":73,"column":2}}},"fnMap":{"0":{"name":"(anonymous_0)","decl":{"start":{"line":9,"column":19},"end":{"line":9,"column":20}},"loc":{"start":{"line":9,"column":49},"end":{"line":13,"column":1}},"line":9},"1":{"name":"(anonymous_1)","decl":{"start":{"line":20,"column":23},"end":{"line":20,"column":24}},"loc":{"start":{"line":20,"column":43},"end":{"line":23,"column":1}},"line":20},"2":{"name":"(anonymous_2)","decl":{"start":{"line":30,"column":17},"end":{"line":30,"column":18}},"loc":{"start":{"line":30,"column":31},"end":{"line":33,"column":1}},"line":30},"3":{"name":"(anonymous_3)","decl":{"start":{"line":39,"column":16},"end":{"line":39,"column":17}},"loc":{"start":{"line":39,"column":28},"end":{"line":42,"column":1}},"line":39},"4":{"name":"(anonymous_4)","decl":{"start":{"line":50,"column":19},"end":{"line":50,"column":20}},"loc":{"start":{"line":50,"column":43},"end":{"line":54,"column":1}},"line":50},"5":{"name":"(anonymous_5)","decl":{"start":{"line":61,"column":19},"end":{"line":61,"column":20}},"loc":{"start":{"line":61,"column":33},"end":{"line":64,"column":1}},"line":61}},"branchMap":{},"s":{"0":1,"1":1,"2":1,"3":1,"4":1,"5":1,"6":0,"7":0,"8":1,"9":3,"10":3,"11":1,"12":1,"13":1,"14":1,"15":1,"16":1,"17":1,"18":1,"19":1,"20":1,"21":1},"f":{"0":1,"1":0,"2":3,"3":1,"4":1,"5":1},"b":{},"_coverageSchema":"1a1c01bbd47fc00a2c39e90264f33305004495a9","hash":"d3b97198f452a399021085ae6b0c3a59620cc303","contentHash":"3f4a293ff7107e99ceb9d06d14699fbdc49fe434e27a7bb4fc89e61f3a04fea5"},"C:\\Users\\minor\\Documents\\desarrollo\\proyectos-node\\api_node\\db.js":{"path":"C:\\Users\\minor\\Documents\\desarrollo\\proyectos-node\\api_node\\db.js","statementMap":{"0":{"start":{"line":1,"column":14},"end":{"line":1,"column":39}},"1":{"start":{"line":3,"column":13},"end":{"line":12,"column":2}},"2":{"start":{"line":14,"column":0},"end":{"line":21,"column":5}},"3":{"start":{"line":16,"column":4},"end":{"line":16,"column":55}},"4":{"start":{"line":17,"column":4},"end":{"line":17,"column":25}},"5":{"start":{"line":20,"column":4},"end":{"line":20,"column":66}},"6":{"start":{"line":23,"column":0},"end":{"line":23,"column":22}}},"fnMap":{"0":{"name":"(anonymous_0)","decl":{"start":{"line":15,"column":8},"end":{"line":15,"column":9}},"loc":{"start":{"line":15,"column":22},"end":{"line":18,"column":3}},"line":15},"1":{"name":"(anonymous_1)","decl":{"start":{"line":19,"column":9},"end":{"line":19,"column":10}},"loc":{"start":{"line":19,"column":16},"end":{"line":21,"column":3}},"line":19}},"branchMap":{},"s":{"0":1,"1":1,"2":1,"3":1,"4":1,"5":0,"6":1},"f":{"0":1,"1":0},"b":{},"_coverageSchema":"1a1c01bbd47fc00a2c39e90264f33305004495a9","hash":"f6ebd2255f8d32069cbccca9b44ae8b9cb2c16f6","contentHash":"d41f3b17673c2b20042cec0c758b11f1e34d43d1ffeb482eb12c8c5f6610dc6f"},"C:\\Users\\minor\\Documents\\desarrollo\\proyectos-node\\api_node\\swagger.js":{"path":"C:\\Users\\minor\\Documents\\desarrollo\\proyectos-node\\api_node\\swagger.js","statementMap":{"0":{"start":{"line":1,"column":21},"end":{"line":1,"column":45}},"1":{"start":{"line":3,"column":16},"end":{"line":17,"column":1}},"2":{"start":{"line":19,"column":0},"end":{"line":19,"column":39}}},"fnMap":{},"branchMap":{"0":{"loc":{"start":{"line":12,"column":33},"end":{"line":12,"column":57}},"type":"binary-expr","locations":[{"start":{"line":12,"column":33},"end":{"line":12,"column":49}},{"start":{"line":12,"column":53},"end":{"line":12,"column":57}}],"line":12}},"s":{"0":1,"1":1,"2":1},"f":{},"b":{"0":[1,0]},"_coverageSchema":"1a1c01bbd47fc00a2c39e90264f33305004495a9","hash":"a4448766f2f0c89c92572afbdd726d1a913dd5c1","contentHash":"35228f7d169070437e308510c4a4bda3f85bceb55f18bb783486129b7ac7ac71"},"C:\\Users\\minor\\Documents\\desarrollo\\proyectos-node\\api_node\\routes\\index.js":{"path":"C:\\Users\\minor\\Documents\\desarrollo\\proyectos-node\\api_node\\routes\\index.js","statementMap":{"0":{"start":{"line":1,"column":16},"end":{"line":1,"column":34}},"1":{"start":{"line":2,"column":19},"end":{"line":2,"column":37}},"2":{"start":{"line":3,"column":19},"end":{"line":3,"column":36}},"3":{"start":{"line":4,"column":20},"end":{"line":4,"column":38}},"4":{"start":{"line":5,"column":16},"end":{"line":5,"column":36}},"5":{"start":{"line":6,"column":20},"end":{"line":6,"column":44}},"6":{"start":{"line":7,"column":24},"end":{"line":7,"column":46}},"7":{"start":{"line":8,"column":26},"end":{"line":8,"column":50}},"8":{"start":{"line":9,"column":23},"end":{"line":9,"column":44}},"9":{"start":{"line":10,"column":33},"end":{"line":10,"column":64}},"10":{"start":{"line":11,"column":33},"end":{"line":11,"column":64}},"11":{"start":{"line":12,"column":33},"end":{"line":12,"column":64}},"12":{"start":{"line":13,"column":34},"end":{"line":13,"column":66}},"13":{"start":{"line":14,"column":22},"end":{"line":14,"column":42}},"14":{"start":{"line":15,"column":23},"end":{"line":15,"column":44}},"15":{"start":{"line":16,"column":32},"end":{"line":16,"column":62}},"16":{"start":{"line":17,"column":29},"end":{"line":17,"column":56}},"17":{"start":{"line":18,"column":29},"end":{"line":18,"column":56}},"18":{"start":{"line":19,"column":25},"end":{"line":19,"column":48}},"19":{"start":{"line":20,"column":20},"end":{"line":20,"column":38}},"20":{"start":{"line":21,"column":28},"end":{"line":21,"column":54}},"21":{"start":{"line":22,"column":28},"end":{"line":22,"column":58}},"22":{"start":{"line":24,"column":15},"end":{"line":24,"column":31}},"23":{"start":{"line":27,"column":0},"end":{"line":27,"column":32}},"24":{"start":{"line":28,"column":0},"end":{"line":28,"column":36}},"25":{"start":{"line":31,"column":0},"end":{"line":31,"column":40}},"26":{"start":{"line":34,"column":0},"end":{"line":34,"column":28}},"27":{"start":{"line":37,"column":0},"end":{"line":37,"column":33}},"28":{"start":{"line":38,"column":0},"end":{"line":38,"column":34}},"29":{"start":{"line":39,"column":0},"end":{"line":39,"column":42}},"30":{"start":{"line":40,"column":0},"end":{"line":40,"column":46}},"31":{"start":{"line":41,"column":0},"end":{"line":41,"column":40}},"32":{"start":{"line":42,"column":0},"end":{"line":42,"column":61}},"33":{"start":{"line":43,"column":0},"end":{"line":43,"column":61}},"34":{"start":{"line":44,"column":0},"end":{"line":44,"column":61}},"35":{"start":{"line":45,"column":0},"end":{"line":45,"column":63}},"36":{"start":{"line":46,"column":0},"end":{"line":46,"column":38}},"37":{"start":{"line":47,"column":0},"end":{"line":47,"column":40}},"38":{"start":{"line":48,"column":0},"end":{"line":48,"column":59}},"39":{"start":{"line":49,"column":0},"end":{"line":49,"column":53}},"40":{"start":{"line":50,"column":0},"end":{"line":50,"column":53}},"41":{"start":{"line":51,"column":0},"end":{"line":51,"column":44}},"42":{"start":{"line":52,"column":0},"end":{"line":52,"column":34}},"43":{"start":{"line":53,"column":0},"end":{"line":53,"column":51}},"44":{"start":{"line":55,"column":0},"end":{"line":55,"column":24}}},"fnMap":{},"branchMap":{},"s":{"0":1,"1":1,"2":1,"3":1,"4":1,"5":1,"6":1,"7":1,"8":1,"9":1,"10":1,"11":1,"12":1,"13":1,"14":1,"15":1,"16":1,"17":1,"18":1,"19":1,"20":1,"21":1,"22":1,"23":1,"24":1,"25":1,"26":1,"27":1,"28":1,"29":1,"30":1,"31":1,"32":1,"33":1,"34":1,"35":1,"36":1,"37":1,"38":1,"39":1,"40":1,"41":1,"42":1,"43":1,"44":1},"f":{},"b":{},"_coverageSchema":"1a1c01bbd47fc00a2c39e90264f33305004495a9","hash":"bf7c3290b9ff4adaf51525f2c8cf42a1bf0e8768","contentHash":"83976a9a58f2e633d7922812e628e9b753da55d00b3921f528d627693b51085c"},"C:\\Users\\minor\\Documents\\desarrollo\\proyectos-node\\api_node\\routes\\users.js":{"path":"C:\\Users\\minor\\Documents\\desarrollo\\proyectos-node\\api_node\\routes\\users.js","statementMap":{"0":{"start":{"line":1,"column":16},"end":{"line":1,"column":34}},"1":{"start":{"line":2,"column":42},"end":{"line":2,"column":70}},"2":{"start":{"line":3,"column":13},"end":{"line":3,"column":44}},"3":{"start":{"line":4,"column":15},"end":{"line":4,"column":34}},"4":{"start":{"line":5,"column":15},"end":{"line":5,"column":31}},"5":{"start":{"line":6,"column":19},"end":{"line":6,"column":51}},"6":{"start":{"line":8,"column":17},"end":{"line":19,"column":1}},"7":{"start":{"line":9,"column":19},"end":{"line":9,"column":40}},"8":{"start":{"line":10,"column":4},"end":{"line":12,"column":5}},"9":{"start":{"line":11,"column":8},"end":{"line":11,"column":22}},"10":{"start":{"line":13,"column":28},"end":{"line":13,"column":30}},"11":{"start":{"line":14,"column":4},"end":{"line":14,"column":77}},"12":{"start":{"line":14,"column":30},"end":{"line":14,"column":75}},"13":{"start":{"line":16,"column":4},"end":{"line":18,"column":7}},"14":{"start":{"line":95,"column":0},"end":{"line":98,"column":4}},"15":{"start":{"line":96,"column":21},"end":{"line":96,"column":41}},"16":{"start":{"line":97,"column":4},"end":{"line":97,"column":23}},"17":{"start":{"line":104,"column":0},"end":{"line":113,"column":4}},"18":{"start":{"line":107,"column":19},"end":{"line":107,"column":29}},"19":{"start":{"line":108,"column":20},"end":{"line":108,"column":43}},"20":{"start":{"line":109,"column":4},"end":{"line":111,"column":5}},"21":{"start":{"line":110,"column":8},"end":{"line":110,"column":73}},"22":{"start":{"line":112,"column":4},"end":{"line":112,"column":22}},"23":{"start":{"line":119,"column":0},"end":{"line":127,"column":4}},"24":{"start":{"line":123,"column":35},"end":{"line":123,"column":43}},"25":{"start":{"line":124,"column":27},"end":{"line":124,"column":58}},"26":{"start":{"line":125,"column":20},"end":{"line":125,"column":67}},"27":{"start":{"line":126,"column":4},"end":{"line":126,"column":34}},"28":{"start":{"line":133,"column":0},"end":{"line":144,"column":4}},"29":{"start":{"line":137,"column":19},"end":{"line":137,"column":29}},"30":{"start":{"line":138,"column":25},"end":{"line":138,"column":33}},"31":{"start":{"line":139,"column":19},"end":{"line":139,"column":54}},"32":{"start":{"line":140,"column":4},"end":{"line":142,"column":5}},"33":{"start":{"line":141,"column":8},"end":{"line":141,"column":73}},"34":{"start":{"line":143,"column":4},"end":{"line":143,"column":49}},"35":{"start":{"line":150,"column":0},"end":{"line":159,"column":4}},"36":{"start":{"line":153,"column":19},"end":{"line":153,"column":29}},"37":{"start":{"line":154,"column":19},"end":{"line":154,"column":44}},"38":{"start":{"line":155,"column":4},"end":{"line":157,"column":5}},"39":{"start":{"line":156,"column":8},"end":{"line":156,"column":73}},"40":{"start":{"line":158,"column":4},"end":{"line":158,"column":73}},"41":{"start":{"line":161,"column":0},"end":{"line":161,"column":24}}},"fnMap":{"0":{"name":"(anonymous_0)","decl":{"start":{"line":8,"column":17},"end":{"line":8,"column":18}},"loc":{"start":{"line":8,"column":37},"end":{"line":19,"column":1}},"line":8},"1":{"name":"(anonymous_1)","decl":{"start":{"line":14,"column":23},"end":{"line":14,"column":24}},"loc":{"start":{"line":14,"column":30},"end":{"line":14,"column":75}},"line":14},"2":{"name":"(anonymous_2)","decl":{"start":{"line":95,"column":27},"end":{"line":95,"column":28}},"loc":{"start":{"line":95,"column":47},"end":{"line":98,"column":1}},"line":95},"3":{"name":"(anonymous_3)","decl":{"start":{"line":106,"column":24},"end":{"line":106,"column":25}},"loc":{"start":{"line":106,"column":44},"end":{"line":113,"column":1}},"line":106},"4":{"name":"(anonymous_4)","decl":{"start":{"line":122,"column":24},"end":{"line":122,"column":25}},"loc":{"start":{"line":122,"column":44},"end":{"line":127,"column":1}},"line":122},"5":{"name":"(anonymous_5)","decl":{"start":{"line":136,"column":24},"end":{"line":136,"column":25}},"loc":{"start":{"line":136,"column":44},"end":{"line":144,"column":1}},"line":136},"6":{"name":"(anonymous_6)","decl":{"start":{"line":152,"column":24},"end":{"line":152,"column":25}},"loc":{"start":{"line":152,"column":44},"end":{"line":159,"column":1}},"line":152}},"branchMap":{"0":{"loc":{"start":{"line":10,"column":4},"end":{"line":12,"column":5}},"type":"if","locations":[{"start":{"line":10,"column":4},"end":{"line":12,"column":5}},{"start":{},"end":{}}],"line":10},"1":{"loc":{"start":{"line":109,"column":4},"end":{"line":111,"column":5}},"type":"if","locations":[{"start":{"line":109,"column":4},"end":{"line":111,"column":5}},{"start":{},"end":{}}],"line":109},"2":{"loc":{"start":{"line":140,"column":4},"end":{"line":142,"column":5}},"type":"if","locations":[{"start":{"line":140,"column":4},"end":{"line":142,"column":5}},{"start":{},"end":{}}],"line":140},"3":{"loc":{"start":{"line":155,"column":4},"end":{"line":157,"column":5}},"type":"if","locations":[{"start":{"line":155,"column":4},"end":{"line":157,"column":5}},{"start":{},"end":{}}],"line":155}},"s":{"0":1,"1":1,"2":1,"3":1,"4":1,"5":1,"6":1,"7":6,"8":6,"9":6,"10":0,"11":0,"12":0,"13":0,"14":1,"15":1,"16":1,"17":1,"18":3,"19":3,"20":3,"21":1,"22":2,"23":1,"24":1,"25":1,"26":1,"27":1,"28":1,"29":1,"30":1,"31":1,"32":1,"33":0,"34":1,"35":1,"36":1,"37":1,"38":1,"39":0,"40":1,"41":1},"f":{"0":6,"1":0,"2":1,"3":3,"4":1,"5":1,"6":1},"b":{"0":[6,0],"1":[1,2],"2":[0,1],"3":[0,1]},"_coverageSchema":"1a1c01bbd47fc00a2c39e90264f33305004495a9","hash":"d3a2078aa8d0749f218be3127abd1c4ae670c81b","contentHash":"ea20b56af97466b732c9aa54a1e463d6a731ead76cadc51c627e2d3b1f09510c"},"C:\\Users\\minor\\Documents\\desarrollo\\proyectos-node\\api_node\\Modules\\catchAsync.js":{"path":"C:\\Users\\minor\\Documents\\desarrollo\\proyectos-node\\api_node\\Modules\\catchAsync.js","statementMap":{"0":{"start":{"line":1,"column":0},"end":{"line":5,"column":2}},"1":{"start":{"line":2,"column":4},"end":{"line":4,"column":6}},"2":{"start":{"line":3,"column":8},"end":{"line":3,"column":39}}},"fnMap":{"0":{"name":"(anonymous_0)","decl":{"start":{"line":1,"column":17},"end":{"line":1,"column":18}},"loc":{"start":{"line":1,"column":23},"end":{"line":5,"column":1}},"line":1},"1":{"name":"(anonymous_1)","decl":{"start":{"line":2,"column":11},"end":{"line":2,"column":12}},"loc":{"start":{"line":2,"column":31},"end":{"line":4,"column":5}},"line":2}},"branchMap":{},"s":{"0":1,"1":23,"2":25},"f":{"0":23,"1":25},"b":{},"_coverageSchema":"1a1c01bbd47fc00a2c39e90264f33305004495a9","hash":"826fe63d788ceb1d5bcccd398e8f8d526fb44843","contentHash":"996cb6e84be934ba591baf286f572c9915a9f8b86c11d5a216cbdacb46d824c4"},"C:\\Users\\minor\\Documents\\desarrollo\\proyectos-node\\api_node\\routes\\auth.js":{"path":"C:\\Users\\minor\\Documents\\desarrollo\\proyectos-node\\api_node\\routes\\auth.js","statementMap":{"0":{"start":{"line":1,"column":16},"end":{"line":1,"column":34}},"1":{"start":{"line":2,"column":17},"end":{"line":2,"column":36}},"2":{"start":{"line":3,"column":12},"end":{"line":3,"column":35}},"3":{"start":{"line":4,"column":15},"end":{"line":4,"column":34}},"4":{"start":{"line":5,"column":13},"end":{"line":5,"column":44}},"5":{"start":{"line":6,"column":23},"end":{"line":6,"column":63}},"6":{"start":{"line":7,"column":15},"end":{"line":7,"column":31}},"7":{"start":{"line":8,"column":0},"end":{"line":8,"column":27}},"8":{"start":{"line":9,"column":18},"end":{"line":9,"column":40}},"9":{"start":{"line":88,"column":0},"end":{"line":97,"column":3}},"10":{"start":{"line":89,"column":4},"end":{"line":96,"column":5}},"11":{"start":{"line":90,"column":39},"end":{"line":90,"column":47}},"12":{"start":{"line":91,"column":31},"end":{"line":91,"column":62}},"13":{"start":{"line":92,"column":8},"end":{"line":92,"column":56}},"14":{"start":{"line":93,"column":8},"end":{"line":93,"column":73}},"15":{"start":{"line":95,"column":8},"end":{"line":95,"column":20}},"16":{"start":{"line":103,"column":0},"end":{"line":138,"column":3}},"17":{"start":{"line":104,"column":4},"end":{"line":137,"column":23}},"18":{"start":{"line":105,"column":8},"end":{"line":136,"column":9}},"19":{"start":{"line":106,"column":12},"end":{"line":108,"column":13}},"20":{"start":{"line":107,"column":16},"end":{"line":107,"column":71}},"21":{"start":{"line":109,"column":12},"end":{"line":133,"column":15}},"22":{"start":{"line":110,"column":16},"end":{"line":112,"column":17}},"23":{"start":{"line":111,"column":20},"end":{"line":111,"column":39}},"24":{"start":{"line":113,"column":30},"end":{"line":113,"column":67}},"25":{"start":{"line":114,"column":16},"end":{"line":114,"column":61}},"26":{"start":{"line":115,"column":35},"end":{"line":115,"column":39}},"27":{"start":{"line":116,"column":16},"end":{"line":124,"column":17}},"28":{"start":{"line":117,"column":20},"end":{"line":121,"column":21}},"29":{"start":{"line":118,"column":24},"end":{"line":118,"column":84}},"30":{"start":{"line":119,"column":27},"end":{"line":121,"column":21}},"31":{"start":{"line":120,"column":24},"end":{"line":120,"column":71}},"32":{"start":{"line":123,"column":20},"end":{"line":123,"column":40}},"33":{"start":{"line":126,"column":50},"end":{"line":126,"column":54}},"34":{"start":{"line":127,"column":16},"end":{"line":132,"column":19}},"35":{"start":{"line":135,"column":12},"end":{"line":135,"column":31}},"36":{"start":{"line":144,"column":0},"end":{"line":160,"column":3}},"37":{"start":{"line":145,"column":24},"end":{"line":145,"column":39}},"38":{"start":{"line":146,"column":24},"end":{"line":148,"column":14}},"39":{"start":{"line":150,"column":4},"end":{"line":152,"column":5}},"40":{"start":{"line":151,"column":8},"end":{"line":151,"column":73}},"41":{"start":{"line":154,"column":4},"end":{"line":156,"column":5}},"42":{"start":{"line":155,"column":8},"end":{"line":155,"column":76}},"43":{"start":{"line":158,"column":4},"end":{"line":158,"column":27}},"44":{"start":{"line":159,"column":4},"end":{"line":159,"column":56}},"45":{"start":{"line":162,"column":0},"end":{"line":162,"column":24}}},"fnMap":{"0":{"name":"(anonymous_0)","decl":{"start":{"line":88,"column":25},"end":{"line":88,"column":26}},"loc":{"start":{"line":88,"column":51},"end":{"line":97,"column":1}},"line":88},"1":{"name":"(anonymous_1)","decl":{"start":{"line":103,"column":22},"end":{"line":103,"column":23}},"loc":{"start":{"line":103,"column":48},"end":{"line":138,"column":1}},"line":103},"2":{"name":"(anonymous_2)","decl":{"start":{"line":104,"column":35},"end":{"line":104,"column":36}},"loc":{"start":{"line":104,"column":56},"end":{"line":137,"column":5}},"line":104},"3":{"name":"(anonymous_3)","decl":{"start":{"line":109,"column":48},"end":{"line":109,"column":49}},"loc":{"start":{"line":109,"column":65},"end":{"line":133,"column":13}},"line":109},"4":{"name":"(anonymous_4)","decl":{"start":{"line":144,"column":23},"end":{"line":144,"column":24}},"loc":{"start":{"line":144,"column":37},"end":{"line":160,"column":1}},"line":144}},"branchMap":{"0":{"loc":{"start":{"line":106,"column":12},"end":{"line":108,"column":13}},"type":"if","locations":[{"start":{"line":106,"column":12},"end":{"line":108,"column":13}},{"start":{},"end":{}}],"line":106},"1":{"loc":{"start":{"line":106,"column":16},"end":{"line":106,"column":28}},"type":"binary-expr","locations":[{"start":{"line":106,"column":16},"end":{"line":106,"column":19}},{"start":{"line":106,"column":23},"end":{"line":106,"column":28}}],"line":106},"2":{"loc":{"start":{"line":110,"column":16},"end":{"line":112,"column":17}},"type":"if","locations":[{"start":{"line":110,"column":16},"end":{"line":112,"column":17}},{"start":{},"end":{}}],"line":110},"3":{"loc":{"start":{"line":117,"column":20},"end":{"line":121,"column":21}},"type":"if","locations":[{"start":{"line":117,"column":20},"end":{"line":121,"column":21}},{"start":{"line":119,"column":27},"end":{"line":121,"column":21}}],"line":117},"4":{"loc":{"start":{"line":119,"column":27},"end":{"line":121,"column":21}},"type":"if","locations":[{"start":{"line":119,"column":27},"end":{"line":121,"column":21}},{"start":{},"end":{}}],"line":119},"5":{"loc":{"start":{"line":146,"column":24},"end":{"line":148,"column":14}},"type":"cond-expr","locations":[{"start":{"line":147,"column":10},"end":{"line":147,"column":49}},{"start":{"line":148,"column":10},"end":{"line":148,"column":14}}],"line":146},"6":{"loc":{"start":{"line":146,"column":24},"end":{"line":146,"column":100}},"type":"binary-expr","locations":[{"start":{"line":146,"column":24},"end":{"line":146,"column":49}},{"start":{"line":146,"column":53},"end":{"line":146,"column":100}}],"line":146},"7":{"loc":{"start":{"line":150,"column":4},"end":{"line":152,"column":5}},"type":"if","locations":[{"start":{"line":150,"column":4},"end":{"line":152,"column":5}},{"start":{},"end":{}}],"line":150},"8":{"loc":{"start":{"line":150,"column":8},"end":{"line":150,"column":36}},"type":"binary-expr","locations":[{"start":{"line":150,"column":8},"end":{"line":150,"column":20}},{"start":{"line":150,"column":24},"end":{"line":150,"column":36}}],"line":150},"9":{"loc":{"start":{"line":154,"column":4},"end":{"line":156,"column":5}},"type":"if","locations":[{"start":{"line":154,"column":4},"end":{"line":156,"column":5}},{"start":{},"end":{}}],"line":154},"10":{"loc":{"start":{"line":154,"column":8},"end":{"line":154,"column":65}},"type":"binary-expr","locations":[{"start":{"line":154,"column":8},"end":{"line":154,"column":19}},{"start":{"line":154,"column":23},"end":{"line":154,"column":34}},{"start":{"line":154,"column":38},"end":{"line":154,"column":65}}],"line":154}},"s":{"0":1,"1":1,"2":1,"3":1,"4":1,"5":1,"6":1,"7":1,"8":1,"9":1,"10":0,"11":0,"12":0,"13":0,"14":0,"15":0,"16":1,"17":0,"18":0,"19":0,"20":0,"21":0,"22":0,"23":0,"24":0,"25":0,"26":0,"27":0,"28":0,"29":0,"30":0,"31":0,"32":0,"33":0,"34":0,"35":0,"36":1,"37":0,"38":0,"39":0,"40":0,"41":0,"42":0,"43":0,"44":0,"45":1},"f":{"0":0,"1":0,"2":0,"3":0,"4":0},"b":{"0":[0,0],"1":[0,0],"2":[0,0],"3":[0,0],"4":[0,0],"5":[0,0],"6":[0,0],"7":[0,0],"8":[0,0],"9":[0,0],"10":[0,0,0]},"_coverageSchema":"1a1c01bbd47fc00a2c39e90264f33305004495a9","hash":"b8fd4ffee801d90215cd7843aa497971830607c9","contentHash":"074138aeff6dfb1f7f1f261383f9b2dba419298275ca96ae7f409c4a51cd5c0b"},"C:\\Users\\minor\\Documents\\desarrollo\\proyectos-node\\api_node\\models\\ownerCompaniesModel.js":{"path":"C:\\Users\\minor\\Documents\\desarrollo\\proyectos-node\\api_node\\models\\ownerCompaniesModel.js","statementMap":{"0":{"start":{"line":1,"column":11},"end":{"line":1,"column":27}},"1":{"start":{"line":3,"column":29},"end":{"line":6,"column":1}},"2":{"start":{"line":4,"column":19},"end":{"line":4,"column":66}},"3":{"start":{"line":5,"column":4},"end":{"line":5,"column":16}},"4":{"start":{"line":8,"column":28},"end":{"line":11,"column":1}},"5":{"start":{"line":9,"column":19},"end":{"line":9,"column":85}},"6":{"start":{"line":10,"column":4},"end":{"line":10,"column":19}},"7":{"start":{"line":13,"column":27},"end":{"line":19,"column":1}},"8":{"start":{"line":14,"column":40},"end":{"line":14,"column":47}},"9":{"start":{"line":15,"column":16},"end":{"line":15,"column":85}},"10":{"start":{"line":16,"column":21},"end":{"line":16,"column":67}},"11":{"start":{"line":17,"column":25},"end":{"line":17,"column":104}},"12":{"start":{"line":18,"column":4},"end":{"line":18,"column":25}},"13":{"start":{"line":21,"column":27},"end":{"line":26,"column":1}},"14":{"start":{"line":22,"column":40},"end":{"line":22,"column":47}},"15":{"start":{"line":23,"column":16},"end":{"line":23,"column":89}},"16":{"start":{"line":24,"column":21},"end":{"line":24,"column":71}},"17":{"start":{"line":25,"column":4},"end":{"line":25,"column":18}},"18":{"start":{"line":28,"column":27},"end":{"line":31,"column":1}},"19":{"start":{"line":29,"column":21},"end":{"line":29,"column":85}},"20":{"start":{"line":30,"column":4},"end":{"line":30,"column":18}},"21":{"start":{"line":33,"column":0},"end":{"line":39,"column":2}}},"fnMap":{"0":{"name":"(anonymous_0)","decl":{"start":{"line":3,"column":29},"end":{"line":3,"column":30}},"loc":{"start":{"line":3,"column":41},"end":{"line":6,"column":1}},"line":3},"1":{"name":"(anonymous_1)","decl":{"start":{"line":8,"column":28},"end":{"line":8,"column":29}},"loc":{"start":{"line":8,"column":42},"end":{"line":11,"column":1}},"line":8},"2":{"name":"(anonymous_2)","decl":{"start":{"line":13,"column":27},"end":{"line":13,"column":28}},"loc":{"start":{"line":13,"column":46},"end":{"line":19,"column":1}},"line":13},"3":{"name":"(anonymous_3)","decl":{"start":{"line":21,"column":27},"end":{"line":21,"column":28}},"loc":{"start":{"line":21,"column":50},"end":{"line":26,"column":1}},"line":21},"4":{"name":"(anonymous_4)","decl":{"start":{"line":28,"column":27},"end":{"line":28,"column":28}},"loc":{"start":{"line":28,"column":41},"end":{"line":31,"column":1}},"line":28}},"branchMap":{},"s":{"0":1,"1":1,"2":1,"3":1,"4":1,"5":13,"6":13,"7":1,"8":1,"9":1,"10":1,"11":1,"12":1,"13":1,"14":1,"15":1,"16":1,"17":1,"18":1,"19":1,"20":1,"21":1},"f":{"0":1,"1":13,"2":1,"3":1,"4":1},"b":{},"_coverageSchema":"1a1c01bbd47fc00a2c39e90264f33305004495a9","hash":"9769d5e7cd6d65613acc9d3b38cd1d3cf7b97aa7","contentHash":"af7b7fdb9ce6e9b99effa5c92dde369fec0b4af5123fa848f05a9d08703ef605"},"C:\\Users\\minor\\Documents\\desarrollo\\proyectos-node\\api_node\\routes\\files.js":{"path":"C:\\Users\\minor\\Documents\\desarrollo\\proyectos-node\\api_node\\routes\\files.js","statementMap":{"0":{"start":{"line":1,"column":16},"end":{"line":1,"column":34}},"1":{"start":{"line":2,"column":15},"end":{"line":2,"column":31}},"2":{"start":{"line":3,"column":15},"end":{"line":3,"column":32}},"3":{"start":{"line":4,"column":13},"end":{"line":4,"column":28}},"4":{"start":{"line":5,"column":11},"end":{"line":5,"column":24}},"5":{"start":{"line":6,"column":25},"end":{"line":6,"column":63}},"6":{"start":{"line":7,"column":16},"end":{"line":7,"column":44}},"7":{"start":{"line":41,"column":24},"end":{"line":41,"column":35}},"8":{"start":{"line":44,"column":0},"end":{"line":46,"column":1}},"9":{"start":{"line":45,"column":4},"end":{"line":45,"column":34}},"10":{"start":{"line":49,"column":16},"end":{"line":56,"column":2}},"11":{"start":{"line":51,"column":8},"end":{"line":51,"column":34}},"12":{"start":{"line":54,"column":8},"end":{"line":54,"column":63}},"13":{"start":{"line":59,"column":15},"end":{"line":72,"column":2}},"14":{"start":{"line":63,"column":26},"end":{"line":63,"column":40}},"15":{"start":{"line":64,"column":24},"end":{"line":64,"column":85}},"16":{"start":{"line":65,"column":25},"end":{"line":65,"column":54}},"17":{"start":{"line":66,"column":8},"end":{"line":70,"column":9}},"18":{"start":{"line":67,"column":12},"end":{"line":67,"column":27}},"19":{"start":{"line":69,"column":12},"end":{"line":69,"column":68}},"20":{"start":{"line":78,"column":0},"end":{"line":84,"column":3}},"21":{"start":{"line":79,"column":4},"end":{"line":81,"column":5}},"22":{"start":{"line":80,"column":8},"end":{"line":80,"column":85}},"23":{"start":{"line":82,"column":20},"end":{"line":82,"column":75}},"24":{"start":{"line":83,"column":4},"end":{"line":83,"column":87}},"25":{"start":{"line":91,"column":0},"end":{"line":100,"column":3}},"26":{"start":{"line":92,"column":4},"end":{"line":99,"column":5}},"27":{"start":{"line":93,"column":8},"end":{"line":93,"column":29}},"28":{"start":{"line":94,"column":25},"end":{"line":94,"column":66}},"29":{"start":{"line":95,"column":8},"end":{"line":95,"column":22}},"30":{"start":{"line":96,"column":8},"end":{"line":96,"column":27}},"31":{"start":{"line":98,"column":8},"end":{"line":98,"column":57}},"32":{"start":{"line":102,"column":0},"end":{"line":102,"column":24}}},"fnMap":{"0":{"name":"(anonymous_0)","decl":{"start":{"line":50,"column":17},"end":{"line":50,"column":18}},"loc":{"start":{"line":50,"column":36},"end":{"line":52,"column":5}},"line":50},"1":{"name":"(anonymous_1)","decl":{"start":{"line":53,"column":14},"end":{"line":53,"column":15}},"loc":{"start":{"line":53,"column":33},"end":{"line":55,"column":5}},"line":53},"2":{"name":"(anonymous_2)","decl":{"start":{"line":62,"column":16},"end":{"line":62,"column":17}},"loc":{"start":{"line":62,"column":35},"end":{"line":71,"column":5}},"line":62},"3":{"name":"(anonymous_3)","decl":{"start":{"line":78,"column":46},"end":{"line":78,"column":47}},"loc":{"start":{"line":78,"column":60},"end":{"line":84,"column":1}},"line":78},"4":{"name":"(anonymous_4)","decl":{"start":{"line":91,"column":25},"end":{"line":91,"column":26}},"loc":{"start":{"line":91,"column":45},"end":{"line":100,"column":1}},"line":91}},"branchMap":{"0":{"loc":{"start":{"line":44,"column":0},"end":{"line":46,"column":1}},"type":"if","locations":[{"start":{"line":44,"column":0},"end":{"line":46,"column":1}},{"start":{},"end":{}}],"line":44},"1":{"loc":{"start":{"line":66,"column":8},"end":{"line":70,"column":9}},"type":"if","locations":[{"start":{"line":66,"column":8},"end":{"line":70,"column":9}},{"start":{"line":68,"column":15},"end":{"line":70,"column":9}}],"line":66},"2":{"loc":{"start":{"line":66,"column":12},"end":{"line":66,"column":31}},"type":"binary-expr","locations":[{"start":{"line":66,"column":12},"end":{"line":66,"column":19}},{"start":{"line":66,"column":23},"end":{"line":66,"column":31}}],"line":66},"3":{"loc":{"start":{"line":79,"column":4},"end":{"line":81,"column":5}},"type":"if","locations":[{"start":{"line":79,"column":4},"end":{"line":81,"column":5}},{"start":{},"end":{}}],"line":79}},"s":{"0":1,"1":1,"2":1,"3":1,"4":1,"5":1,"6":1,"7":1,"8":1,"9":0,"10":1,"11":0,"12":0,"13":1,"14":0,"15":0,"16":0,"17":0,"18":0,"19":0,"20":1,"21":0,"22":0,"23":0,"24":0,"25":1,"26":0,"27":0,"28":0,"29":0,"30":0,"31":0,"32":1},"f":{"0":0,"1":0,"2":0,"3":0,"4":0},"b":{"0":[0,1],"1":[0,0],"2":[0,0],"3":[0,0]},"_coverageSchema":"1a1c01bbd47fc00a2c39e90264f33305004495a9","hash":"8a411a1d1424b5d6315dde649b208196d7541f93","contentHash":"10cd4fe12059de79a500d7df3f28303f7c0ee2fa08ccc0a43a1f018c5e8833de"},"C:\\Users\\minor\\Documents\\desarrollo\\proyectos-node\\api_node\\Modules\\filesInformation.js":{"path":"C:\\Users\\minor\\Documents\\desarrollo\\proyectos-node\\api_node\\Modules\\filesInformation.js","statementMap":{"0":{"start":{"line":1,"column":11},"end":{"line":1,"column":33}},"1":{"start":{"line":9,"column":21},"end":{"line":16,"column":1}},"2":{"start":{"line":10,"column":4},"end":{"line":15,"column":5}},"3":{"start":{"line":11,"column":21},"end":{"line":11,"column":56}},"4":{"start":{"line":12,"column":8},"end":{"line":12,"column":32}},"5":{"start":{"line":14,"column":8},"end":{"line":14,"column":75}},"6":{"start":{"line":18,"column":0},"end":{"line":18,"column":34}}},"fnMap":{"0":{"name":"(anonymous_0)","decl":{"start":{"line":9,"column":21},"end":{"line":9,"column":22}},"loc":{"start":{"line":9,"column":41},"end":{"line":16,"column":1}},"line":9}},"branchMap":{},"s":{"0":1,"1":1,"2":0,"3":0,"4":0,"5":0,"6":1},"f":{"0":0},"b":{},"_coverageSchema":"1a1c01bbd47fc00a2c39e90264f33305004495a9","hash":"b11ea8bc0f5e5632128098fd59641ff26b9fa710","contentHash":"9d98fd94fd5e677c17d69955c8b8503a09c383d1d0e674b5f47c1eef45d035fc"},"C:\\Users\\minor\\Documents\\desarrollo\\proyectos-node\\api_node\\Modules\\logger.js":{"path":"C:\\Users\\minor\\Documents\\desarrollo\\proyectos-node\\api_node\\Modules\\logger.js","statementMap":{"0":{"start":{"line":2,"column":2},"end":{"line":4,"column":3}},"1":{"start":{"line":3,"column":4},"end":{"line":3,"column":25}},"2":{"start":{"line":7,"column":0},"end":{"line":7,"column":25}}},"fnMap":{"0":{"name":"log","decl":{"start":{"line":1,"column":9},"end":{"line":1,"column":12}},"loc":{"start":{"line":1,"column":22},"end":{"line":5,"column":1}},"line":1}},"branchMap":{"0":{"loc":{"start":{"line":2,"column":2},"end":{"line":4,"column":3}},"type":"if","locations":[{"start":{"line":2,"column":2},"end":{"line":4,"column":3}},{"start":{},"end":{}}],"line":2}},"s":{"0":1,"1":0,"2":1},"f":{"0":1},"b":{"0":[0,1]},"_coverageSchema":"1a1c01bbd47fc00a2c39e90264f33305004495a9","hash":"4c7b6b37bfc80667bc593dac84d737746a23242f","contentHash":"e4a69393dc472813b18a19b677fc8ff428490aa57e8c41ba1ec0049594f00b8d"},"C:\\Users\\minor\\Documents\\desarrollo\\proyectos-node\\api_node\\routes\\getApis.js":{"path":"C:\\Users\\minor\\Documents\\desarrollo\\proyectos-node\\api_node\\routes\\getApis.js","statementMap":{"0":{"start":{"line":1,"column":16},"end":{"line":1,"column":34}},"1":{"start":{"line":2,"column":15},"end":{"line":2,"column":31}},"2":{"start":{"line":3,"column":16},"end":{"line":3,"column":53}},"3":{"start":{"line":18,"column":0},"end":{"line":25,"column":3}},"4":{"start":{"line":19,"column":4},"end":{"line":24,"column":5}},"5":{"start":{"line":20,"column":21},"end":{"line":20,"column":47}},"6":{"start":{"line":21,"column":8},"end":{"line":21,"column":23}},"7":{"start":{"line":23,"column":8},"end":{"line":23,"column":55}},"8":{"start":{"line":27,"column":0},"end":{"line":27,"column":24}}},"fnMap":{"0":{"name":"(anonymous_0)","decl":{"start":{"line":18,"column":23},"end":{"line":18,"column":24}},"loc":{"start":{"line":18,"column":43},"end":{"line":25,"column":1}},"line":18}},"branchMap":{},"s":{"0":1,"1":1,"2":1,"3":1,"4":0,"5":0,"6":0,"7":0,"8":1},"f":{"0":0},"b":{},"_coverageSchema":"1a1c01bbd47fc00a2c39e90264f33305004495a9","hash":"1695f88536857a16f3f3ff66f5bf53d71271836f","contentHash":"9a909ba8e225309e1a458f9cb0c8f240853858c68e493495ce3bd8f2268886db"},"C:\\Users\\minor\\Documents\\desarrollo\\proyectos-node\\api_node\\Modules\\apisInformation.js":{"path":"C:\\Users\\minor\\Documents\\desarrollo\\proyectos-node\\api_node\\Modules\\apisInformation.js","statementMap":{"0":{"start":{"line":1,"column":14},"end":{"line":1,"column":30}},"1":{"start":{"line":8,"column":19},"end":{"line":15,"column":1}},"2":{"start":{"line":9,"column":4},"end":{"line":14,"column":5}},"3":{"start":{"line":10,"column":25},"end":{"line":10,"column":76}},"4":{"start":{"line":11,"column":8},"end":{"line":11,"column":29}},"5":{"start":{"line":13,"column":8},"end":{"line":13,"column":78}},"6":{"start":{"line":17,"column":0},"end":{"line":17,"column":32}}},"fnMap":{"0":{"name":"(anonymous_0)","decl":{"start":{"line":8,"column":19},"end":{"line":8,"column":20}},"loc":{"start":{"line":8,"column":31},"end":{"line":15,"column":1}},"line":8}},"branchMap":{},"s":{"0":1,"1":1,"2":0,"3":0,"4":0,"5":0,"6":1},"f":{"0":0},"b":{},"_coverageSchema":"1a1c01bbd47fc00a2c39e90264f33305004495a9","hash":"cc31851fcde12a0c365b568651e43e7a112b1125","contentHash":"5598172ae753d53756c573f35cb1b89bddcd7bb763e1d15a872857c978445b0f"},"C:\\Users\\minor\\Documents\\desarrollo\\proyectos-node\\api_node\\routes\\operaciones.js":{"path":"C:\\Users\\minor\\Documents\\desarrollo\\proyectos-node\\api_node\\routes\\operaciones.js","statementMap":{"0":{"start":{"line":1,"column":16},"end":{"line":1,"column":34}},"1":{"start":{"line":2,"column":15},"end":{"line":2,"column":31}},"2":{"start":{"line":3,"column":20},"end":{"line":3,"column":59}},"3":{"start":{"line":4,"column":12},"end":{"line":4,"column":35}},"4":{"start":{"line":5,"column":11},"end":{"line":5,"column":27}},"5":{"start":{"line":51,"column":0},"end":{"line":80,"column":3}},"6":{"start":{"line":52,"column":27},"end":{"line":52,"column":35}},"7":{"start":{"line":53,"column":4},"end":{"line":55,"column":5}},"8":{"start":{"line":54,"column":8},"end":{"line":54,"column":75}},"9":{"start":{"line":56,"column":19},"end":{"line":56,"column":63}},"10":{"start":{"line":58,"column":22},"end":{"line":58,"column":100}},"11":{"start":{"line":59,"column":24},"end":{"line":59,"column":44}},"12":{"start":{"line":62,"column":4},"end":{"line":79,"column":7}},"13":{"start":{"line":63,"column":8},"end":{"line":66,"column":9}},"14":{"start":{"line":64,"column":12},"end":{"line":64,"column":67}},"15":{"start":{"line":65,"column":12},"end":{"line":65,"column":84}},"16":{"start":{"line":69,"column":26},"end":{"line":69,"column":52}},"17":{"start":{"line":70,"column":8},"end":{"line":78,"column":11}},"18":{"start":{"line":71,"column":12},"end":{"line":74,"column":13}},"19":{"start":{"line":72,"column":16},"end":{"line":72,"column":88}},"20":{"start":{"line":73,"column":16},"end":{"line":73,"column":99}},"21":{"start":{"line":77,"column":12},"end":{"line":77,"column":59}},"22":{"start":{"line":87,"column":0},"end":{"line":96,"column":3}},"23":{"start":{"line":88,"column":43},"end":{"line":88,"column":51}},"24":{"start":{"line":89,"column":4},"end":{"line":91,"column":5}},"25":{"start":{"line":90,"column":8},"end":{"line":90,"column":74}},"26":{"start":{"line":92,"column":21},"end":{"line":92,"column":64}},"27":{"start":{"line":93,"column":21},"end":{"line":93,"column":64}},"28":{"start":{"line":95,"column":4},"end":{"line":95,"column":37}},"29":{"start":{"line":100,"column":0},"end":{"line":100,"column":24}}},"fnMap":{"0":{"name":"(anonymous_0)","decl":{"start":{"line":51,"column":29},"end":{"line":51,"column":30}},"loc":{"start":{"line":51,"column":49},"end":{"line":80,"column":1}},"line":51},"1":{"name":"(anonymous_1)","decl":{"start":{"line":62,"column":37},"end":{"line":62,"column":38}},"loc":{"start":{"line":62,"column":68},"end":{"line":79,"column":5}},"line":62},"2":{"name":"(anonymous_2)","decl":{"start":{"line":70,"column":28},"end":{"line":70,"column":29}},"loc":{"start":{"line":70,"column":60},"end":{"line":78,"column":9}},"line":70},"3":{"name":"(anonymous_3)","decl":{"start":{"line":87,"column":37},"end":{"line":87,"column":38}},"loc":{"start":{"line":87,"column":57},"end":{"line":96,"column":1}},"line":87}},"branchMap":{"0":{"loc":{"start":{"line":53,"column":4},"end":{"line":55,"column":5}},"type":"if","locations":[{"start":{"line":53,"column":4},"end":{"line":55,"column":5}},{"start":{},"end":{}}],"line":53},"1":{"loc":{"start":{"line":53,"column":8},"end":{"line":53,"column":22}},"type":"binary-expr","locations":[{"start":{"line":53,"column":8},"end":{"line":53,"column":13}},{"start":{"line":53,"column":17},"end":{"line":53,"column":22}}],"line":53},"2":{"loc":{"start":{"line":63,"column":8},"end":{"line":66,"column":9}},"type":"if","locations":[{"start":{"line":63,"column":8},"end":{"line":66,"column":9}},{"start":{},"end":{}}],"line":63},"3":{"loc":{"start":{"line":71,"column":12},"end":{"line":74,"column":13}},"type":"if","locations":[{"start":{"line":71,"column":12},"end":{"line":74,"column":13}},{"start":{},"end":{}}],"line":71},"4":{"loc":{"start":{"line":89,"column":4},"end":{"line":91,"column":5}},"type":"if","locations":[{"start":{"line":89,"column":4},"end":{"line":91,"column":5}},{"start":{},"end":{}}],"line":89},"5":{"loc":{"start":{"line":89,"column":8},"end":{"line":89,"column":38}},"type":"binary-expr","locations":[{"start":{"line":89,"column":8},"end":{"line":89,"column":21}},{"start":{"line":89,"column":25},"end":{"line":89,"column":38}}],"line":89}},"s":{"0":1,"1":1,"2":1,"3":1,"4":1,"5":1,"6":0,"7":0,"8":0,"9":0,"10":0,"11":0,"12":0,"13":0,"14":0,"15":0,"16":0,"17":0,"18":0,"19":0,"20":0,"21":0,"22":1,"23":0,"24":0,"25":0,"26":0,"27":0,"28":0,"29":1},"f":{"0":0,"1":0,"2":0,"3":0},"b":{"0":[0,0],"1":[0,0],"2":[0,0],"3":[0,0],"4":[0,0],"5":[0,0]},"_coverageSchema":"1a1c01bbd47fc00a2c39e90264f33305004495a9","hash":"9abcced6ecb1057e7d921640a114552fe66a0b24","contentHash":"3688e0acba0e2cf75cf94776c2f2db119240e0bb60a2255f20da65b5dca5fc5c"},"C:\\Users\\minor\\Documents\\desarrollo\\proyectos-node\\api_node\\Modules\\operacionesModule.js":{"path":"C:\\Users\\minor\\Documents\\desarrollo\\proyectos-node\\api_node\\Modules\\operacionesModule.js","statementMap":{"0":{"start":{"line":1,"column":12},"end":{"line":1,"column":35}},"1":{"start":{"line":2,"column":16},"end":{"line":2,"column":35}},"2":{"start":{"line":11,"column":23},"end":{"line":18,"column":1}},"3":{"start":{"line":12,"column":4},"end":{"line":17,"column":5}},"4":{"start":{"line":13,"column":8},"end":{"line":13,"column":24}},"5":{"start":{"line":14,"column":8},"end":{"line":14,"column":27}},"6":{"start":{"line":16,"column":8},"end":{"line":16,"column":71}},"7":{"start":{"line":26,"column":20},"end":{"line":34,"column":1}},"8":{"start":{"line":27,"column":4},"end":{"line":33,"column":5}},"9":{"start":{"line":28,"column":26},"end":{"line":28,"column":56}},"10":{"start":{"line":29,"column":27},"end":{"line":29,"column":61}},"11":{"start":{"line":30,"column":8},"end":{"line":30,"column":24}},"12":{"start":{"line":32,"column":8},"end":{"line":32,"column":86}},"13":{"start":{"line":36,"column":0},"end":{"line":36,"column":49}}},"fnMap":{"0":{"name":"(anonymous_0)","decl":{"start":{"line":11,"column":23},"end":{"line":11,"column":24}},"loc":{"start":{"line":11,"column":45},"end":{"line":18,"column":1}},"line":11},"1":{"name":"(anonymous_1)","decl":{"start":{"line":26,"column":20},"end":{"line":26,"column":21}},"loc":{"start":{"line":26,"column":37},"end":{"line":34,"column":1}},"line":26}},"branchMap":{},"s":{"0":1,"1":1,"2":1,"3":1,"4":1,"5":1,"6":0,"7":1,"8":0,"9":0,"10":0,"11":0,"12":0,"13":1},"f":{"0":1,"1":0},"b":{},"_coverageSchema":"1a1c01bbd47fc00a2c39e90264f33305004495a9","hash":"c4f449ae1de4761feab18aa6dbf4431469f6f336","contentHash":"c418525f004fd5bbb23be1bd4ab8c64c3319c3150273417a8eedb26faa637223"},"C:\\Users\\minor\\Documents\\desarrollo\\proyectos-node\\api_node\\routes\\materials.js":{"path":"C:\\Users\\minor\\Documents\\desarrollo\\proyectos-node\\api_node\\routes\\materials.js","statementMap":{"0":{"start":{"line":1,"column":16},"end":{"line":1,"column":34}},"1":{"start":{"line":2,"column":18},"end":{"line":2,"column":53}},"2":{"start":{"line":3,"column":19},"end":{"line":3,"column":51}},"3":{"start":{"line":4,"column":15},"end":{"line":4,"column":31}},"4":{"start":{"line":25,"column":0},"end":{"line":44,"column":4}},"5":{"start":{"line":26,"column":17},"end":{"line":26,"column":52}},"6":{"start":{"line":27,"column":18},"end":{"line":27,"column":55}},"7":{"start":{"line":28,"column":19},"end":{"line":28,"column":41}},"8":{"start":{"line":29,"column":35},"end":{"line":32,"column":6}},"9":{"start":{"line":34,"column":23},"end":{"line":34,"column":51}},"10":{"start":{"line":36,"column":4},"end":{"line":43,"column":7}},"11":{"start":{"line":61,"column":0},"end":{"line":67,"column":4}},"12":{"start":{"line":62,"column":21},"end":{"line":62,"column":67}},"13":{"start":{"line":63,"column":4},"end":{"line":65,"column":5}},"14":{"start":{"line":64,"column":8},"end":{"line":64,"column":75}},"15":{"start":{"line":66,"column":4},"end":{"line":66,"column":23}},"16":{"start":{"line":92,"column":0},"end":{"line":103,"column":4}},"17":{"start":{"line":93,"column":25},"end":{"line":100,"column":5}},"18":{"start":{"line":101,"column":24},"end":{"line":101,"column":68}},"19":{"start":{"line":102,"column":4},"end":{"line":102,"column":38}},"20":{"start":{"line":133,"column":0},"end":{"line":140,"column":4}},"21":{"start":{"line":134,"column":21},"end":{"line":134,"column":67}},"22":{"start":{"line":135,"column":4},"end":{"line":137,"column":5}},"23":{"start":{"line":136,"column":8},"end":{"line":136,"column":75}},"24":{"start":{"line":138,"column":28},"end":{"line":138,"column":83}},"25":{"start":{"line":139,"column":4},"end":{"line":139,"column":30}},"26":{"start":{"line":157,"column":0},"end":{"line":164,"column":4}},"27":{"start":{"line":158,"column":21},"end":{"line":158,"column":67}},"28":{"start":{"line":159,"column":4},"end":{"line":161,"column":5}},"29":{"start":{"line":160,"column":8},"end":{"line":160,"column":75}},"30":{"start":{"line":162,"column":4},"end":{"line":162,"column":50}},"31":{"start":{"line":163,"column":4},"end":{"line":163,"column":74}},"32":{"start":{"line":166,"column":0},"end":{"line":166,"column":24}}},"fnMap":{"0":{"name":"(anonymous_0)","decl":{"start":{"line":25,"column":27},"end":{"line":25,"column":28}},"loc":{"start":{"line":25,"column":47},"end":{"line":44,"column":1}},"line":25},"1":{"name":"(anonymous_1)","decl":{"start":{"line":61,"column":30},"end":{"line":61,"column":31}},"loc":{"start":{"line":61,"column":50},"end":{"line":67,"column":1}},"line":61},"2":{"name":"(anonymous_2)","decl":{"start":{"line":92,"column":28},"end":{"line":92,"column":29}},"loc":{"start":{"line":92,"column":48},"end":{"line":103,"column":1}},"line":92},"3":{"name":"(anonymous_3)","decl":{"start":{"line":133,"column":30},"end":{"line":133,"column":31}},"loc":{"start":{"line":133,"column":50},"end":{"line":140,"column":1}},"line":133},"4":{"name":"(anonymous_4)","decl":{"start":{"line":157,"column":33},"end":{"line":157,"column":34}},"loc":{"start":{"line":157,"column":53},"end":{"line":164,"column":1}},"line":157}},"branchMap":{"0":{"loc":{"start":{"line":26,"column":26},"end":{"line":26,"column":47}},"type":"binary-expr","locations":[{"start":{"line":26,"column":26},"end":{"line":26,"column":40}},{"start":{"line":26,"column":44},"end":{"line":26,"column":47}}],"line":26},"1":{"loc":{"start":{"line":27,"column":27},"end":{"line":27,"column":50}},"type":"binary-expr","locations":[{"start":{"line":27,"column":27},"end":{"line":27,"column":42}},{"start":{"line":27,"column":46},"end":{"line":27,"column":50}}],"line":27},"2":{"loc":{"start":{"line":28,"column":19},"end":{"line":28,"column":41}},"type":"binary-expr","locations":[{"start":{"line":28,"column":19},"end":{"line":28,"column":35}},{"start":{"line":28,"column":39},"end":{"line":28,"column":41}}],"line":28},"3":{"loc":{"start":{"line":63,"column":4},"end":{"line":65,"column":5}},"type":"if","locations":[{"start":{"line":63,"column":4},"end":{"line":65,"column":5}},{"start":{},"end":{}}],"line":63},"4":{"loc":{"start":{"line":97,"column":18},"end":{"line":97,"column":40}},"type":"binary-expr","locations":[{"start":{"line":97,"column":18},"end":{"line":97,"column":35}},{"start":{"line":97,"column":39},"end":{"line":97,"column":40}}],"line":97},"5":{"loc":{"start":{"line":135,"column":4},"end":{"line":137,"column":5}},"type":"if","locations":[{"start":{"line":135,"column":4},"end":{"line":137,"column":5}},{"start":{},"end":{}}],"line":135},"6":{"loc":{"start":{"line":159,"column":4},"end":{"line":161,"column":5}},"type":"if","locations":[{"start":{"line":159,"column":4},"end":{"line":161,"column":5}},{"start":{},"end":{}}],"line":159}},"s":{"0":1,"1":1,"2":1,"3":1,"4":1,"5":1,"6":1,"7":1,"8":1,"9":1,"10":1,"11":1,"12":3,"13":3,"14":1,"15":2,"16":1,"17":1,"18":1,"19":1,"20":1,"21":1,"22":1,"23":0,"24":1,"25":1,"26":1,"27":1,"28":1,"29":0,"30":1,"31":1,"32":1},"f":{"0":1,"1":3,"2":1,"3":1,"4":1},"b":{"0":[1,0],"1":[1,0],"2":[1,1],"3":[1,2],"4":[1,0],"5":[0,1],"6":[0,1]},"_coverageSchema":"1a1c01bbd47fc00a2c39e90264f33305004495a9","hash":"c916804b9538ccdf804194125aa4226a28480447","contentHash":"1877f38037d4e27afdb71f87fe51e369138923e5d7d94e8575fa4428585d950e"},"C:\\Users\\minor\\Documents\\desarrollo\\proyectos-node\\api_node\\models\\materialsModel.js":{"path":"C:\\Users\\minor\\Documents\\desarrollo\\proyectos-node\\api_node\\models\\materialsModel.js","statementMap":{"0":{"start":{"line":1,"column":11},"end":{"line":1,"column":27}},"1":{"start":{"line":2,"column":26},"end":{"line":2,"column":58}},"2":{"start":{"line":4,"column":23},"end":{"line":17,"column":1}},"3":{"start":{"line":5,"column":90},"end":{"line":5,"column":102}},"4":{"start":{"line":7,"column":25},"end":{"line":7,"column":78}},"5":{"start":{"line":8,"column":29},"end":{"line":8,"column":78}},"6":{"start":{"line":9,"column":23},"end":{"line":9,"column":68}},"7":{"start":{"line":11,"column":16},"end":{"line":11,"column":190}},"8":{"start":{"line":12,"column":19},"end":{"line":12,"column":140}},"9":{"start":{"line":14,"column":21},"end":{"line":14,"column":48}},"10":{"start":{"line":15,"column":26},"end":{"line":15,"column":99}},"11":{"start":{"line":16,"column":4},"end":{"line":16,"column":26}},"12":{"start":{"line":19,"column":24},"end":{"line":25,"column":1}},"13":{"start":{"line":20,"column":19},"end":{"line":20,"column":79}},"14":{"start":{"line":21,"column":4},"end":{"line":23,"column":5}},"15":{"start":{"line":22,"column":8},"end":{"line":22,"column":122}},"16":{"start":{"line":24,"column":4},"end":{"line":24,"column":19}},"17":{"start":{"line":27,"column":22},"end":{"line":39,"column":1}},"18":{"start":{"line":28,"column":19},"end":{"line":28,"column":37}},"19":{"start":{"line":29,"column":24},"end":{"line":29,"column":52}},"20":{"start":{"line":30,"column":16},"end":{"line":36,"column":5}},"21":{"start":{"line":37,"column":19},"end":{"line":37,"column":81}},"22":{"start":{"line":38,"column":4},"end":{"line":38,"column":16}},"23":{"start":{"line":41,"column":17},"end":{"line":46,"column":1}},"24":{"start":{"line":42,"column":24},"end":{"line":42,"column":52}},"25":{"start":{"line":43,"column":16},"end":{"line":43,"column":97}},"26":{"start":{"line":44,"column":19},"end":{"line":44,"column":66}},"27":{"start":{"line":45,"column":4},"end":{"line":45,"column":25}},"28":{"start":{"line":48,"column":23},"end":{"line":62,"column":1}},"29":{"start":{"line":49,"column":80},"end":{"line":49,"column":92}},"30":{"start":{"line":50,"column":21},"end":{"line":50,"column":46}},"31":{"start":{"line":51,"column":4},"end":{"line":51,"column":57}},"32":{"start":{"line":51,"column":19},"end":{"line":51,"column":57}},"33":{"start":{"line":53,"column":25},"end":{"line":53,"column":87}},"34":{"start":{"line":54,"column":29},"end":{"line":54,"column":115}},"35":{"start":{"line":55,"column":23},"end":{"line":55,"column":68}},"36":{"start":{"line":57,"column":16},"end":{"line":57,"column":151}},"37":{"start":{"line":58,"column":19},"end":{"line":58,"column":116}},"38":{"start":{"line":60,"column":4},"end":{"line":60,"column":32}},"39":{"start":{"line":61,"column":4},"end":{"line":61,"column":31}},"40":{"start":{"line":64,"column":23},"end":{"line":67,"column":1}},"41":{"start":{"line":65,"column":21},"end":{"line":65,"column":79}},"42":{"start":{"line":66,"column":4},"end":{"line":66,"column":18}},"43":{"start":{"line":69,"column":0},"end":{"line":76,"column":2}}},"fnMap":{"0":{"name":"(anonymous_0)","decl":{"start":{"line":4,"column":23},"end":{"line":4,"column":24}},"loc":{"start":{"line":4,"column":47},"end":{"line":17,"column":1}},"line":4},"1":{"name":"(anonymous_1)","decl":{"start":{"line":19,"column":24},"end":{"line":19,"column":25}},"loc":{"start":{"line":19,"column":38},"end":{"line":25,"column":1}},"line":19},"2":{"name":"(anonymous_2)","decl":{"start":{"line":27,"column":22},"end":{"line":27,"column":23}},"loc":{"start":{"line":27,"column":67},"end":{"line":39,"column":1}},"line":27},"3":{"name":"(anonymous_3)","decl":{"start":{"line":41,"column":17},"end":{"line":41,"column":18}},"loc":{"start":{"line":41,"column":40},"end":{"line":46,"column":1}},"line":41},"4":{"name":"(anonymous_4)","decl":{"start":{"line":48,"column":23},"end":{"line":48,"column":24}},"loc":{"start":{"line":48,"column":51},"end":{"line":62,"column":1}},"line":48},"5":{"name":"(anonymous_5)","decl":{"start":{"line":64,"column":23},"end":{"line":64,"column":24}},"loc":{"start":{"line":64,"column":37},"end":{"line":67,"column":1}},"line":64}},"branchMap":{"0":{"loc":{"start":{"line":8,"column":29},"end":{"line":8,"column":78}},"type":"cond-expr","locations":[{"start":{"line":8,"column":44},"end":{"line":8,"column":74}},{"start":{"line":8,"column":77},"end":{"line":8,"column":78}}],"line":8},"1":{"loc":{"start":{"line":21,"column":4},"end":{"line":23,"column":5}},"type":"if","locations":[{"start":{"line":21,"column":4},"end":{"line":23,"column":5}},{"start":{},"end":{}}],"line":21},"2":{"loc":{"start":{"line":22,"column":29},"end":{"line":22,"column":121}},"type":"cond-expr","locations":[{"start":{"line":22,"column":70},"end":{"line":22,"column":100}},{"start":{"line":22,"column":103},"end":{"line":22,"column":121}}],"line":22},"3":{"loc":{"start":{"line":27,"column":29},"end":{"line":27,"column":37}},"type":"default-arg","locations":[{"start":{"line":27,"column":36},"end":{"line":27,"column":37}}],"line":27},"4":{"loc":{"start":{"line":27,"column":39},"end":{"line":27,"column":49}},"type":"default-arg","locations":[{"start":{"line":27,"column":47},"end":{"line":27,"column":49}}],"line":27},"5":{"loc":{"start":{"line":27,"column":51},"end":{"line":27,"column":62}},"type":"default-arg","locations":[{"start":{"line":27,"column":60},"end":{"line":27,"column":62}}],"line":27},"6":{"loc":{"start":{"line":29,"column":24},"end":{"line":29,"column":52}},"type":"cond-expr","locations":[{"start":{"line":29,"column":33},"end":{"line":29,"column":46}},{"start":{"line":29,"column":49},"end":{"line":29,"column":52}}],"line":29},"7":{"loc":{"start":{"line":41,"column":24},"end":{"line":41,"column":35}},"type":"default-arg","locations":[{"start":{"line":41,"column":33},"end":{"line":41,"column":35}}],"line":41},"8":{"loc":{"start":{"line":42,"column":24},"end":{"line":42,"column":52}},"type":"cond-expr","locations":[{"start":{"line":42,"column":33},"end":{"line":42,"column":46}},{"start":{"line":42,"column":49},"end":{"line":42,"column":52}}],"line":42},"9":{"loc":{"start":{"line":51,"column":4},"end":{"line":51,"column":57}},"type":"if","locations":[{"start":{"line":51,"column":4},"end":{"line":51,"column":57}},{"start":{},"end":{}}],"line":51},"10":{"loc":{"start":{"line":54,"column":29},"end":{"line":54,"column":115}},"type":"cond-expr","locations":[{"start":{"line":54,"column":44},"end":{"line":54,"column":74}},{"start":{"line":54,"column":77},"end":{"line":54,"column":115}}],"line":54}},"s":{"0":1,"1":1,"2":1,"3":4,"4":4,"5":4,"6":4,"7":4,"8":4,"9":4,"10":4,"11":4,"12":1,"13":11,"14":11,"15":10,"16":11,"17":1,"18":1,"19":1,"20":1,"21":1,"22":1,"23":1,"24":1,"25":1,"26":1,"27":1,"28":1,"29":1,"30":1,"31":1,"32":0,"33":1,"34":1,"35":1,"36":1,"37":1,"38":1,"39":1,"40":1,"41":1,"42":1,"43":1},"f":{"0":4,"1":11,"2":1,"3":1,"4":1,"5":1},"b":{"0":[4,0],"1":[10,1],"2":[0,10],"3":[0],"4":[0],"5":[0],"6":[0,1],"7":[0],"8":[0,1],"9":[0,1],"10":[1,0]},"_coverageSchema":"1a1c01bbd47fc00a2c39e90264f33305004495a9","hash":"3a04a95095b7d6f07f4ddd6f371f3af1550d4e74","contentHash":"c076a5eb03a0bce1a8af45f275922deebc64c16c698d22c5eb6880b64acbd98a"},"C:\\Users\\minor\\Documents\\desarrollo\\proyectos-node\\api_node\\routes\\accessories.js":{"path":"C:\\Users\\minor\\Documents\\desarrollo\\proyectos-node\\api_node\\routes\\accessories.js","statementMap":{"0":{"start":{"line":1,"column":16},"end":{"line":1,"column":34}},"1":{"start":{"line":2,"column":20},"end":{"line":2,"column":57}},"2":{"start":{"line":3,"column":27},"end":{"line":3,"column":71}},"3":{"start":{"line":4,"column":28},"end":{"line":4,"column":73}},"4":{"start":{"line":6,"column":15},"end":{"line":6,"column":31}},"5":{"start":{"line":10,"column":0},"end":{"line":32,"column":3}},"6":{"start":{"line":11,"column":4},"end":{"line":31,"column":5}},"7":{"start":{"line":12,"column":24},"end":{"line":12,"column":63}},"8":{"start":{"line":13,"column":21},"end":{"line":13,"column":56}},"9":{"start":{"line":14,"column":22},"end":{"line":14,"column":59}},"10":{"start":{"line":15,"column":23},"end":{"line":15,"column":45}},"11":{"start":{"line":17,"column":28},"end":{"line":17,"column":105}},"12":{"start":{"line":18,"column":26},"end":{"line":18,"column":73}},"13":{"start":{"line":20,"column":8},"end":{"line":27,"column":11}},"14":{"start":{"line":29,"column":8},"end":{"line":29,"column":27}},"15":{"start":{"line":30,"column":8},"end":{"line":30,"column":55}},"16":{"start":{"line":34,"column":0},"end":{"line":46,"column":3}},"17":{"start":{"line":35,"column":4},"end":{"line":45,"column":5}},"18":{"start":{"line":37,"column":24},"end":{"line":37,"column":77}},"19":{"start":{"line":38,"column":30},"end":{"line":38,"column":64}},"20":{"start":{"line":40,"column":29},"end":{"line":40,"column":77}},"21":{"start":{"line":41,"column":8},"end":{"line":41,"column":43}},"22":{"start":{"line":43,"column":8},"end":{"line":43,"column":27}},"23":{"start":{"line":44,"column":8},"end":{"line":44,"column":55}},"24":{"start":{"line":48,"column":0},"end":{"line":70,"column":3}},"25":{"start":{"line":49,"column":4},"end":{"line":69,"column":5}},"26":{"start":{"line":50,"column":19},"end":{"line":50,"column":46}},"27":{"start":{"line":51,"column":24},"end":{"line":51,"column":77}},"28":{"start":{"line":53,"column":26},"end":{"line":53,"column":78}},"29":{"start":{"line":54,"column":8},"end":{"line":56,"column":9}},"30":{"start":{"line":55,"column":12},"end":{"line":55,"column":81}},"31":{"start":{"line":58,"column":26},"end":{"line":58,"column":79}},"32":{"start":{"line":59,"column":27},"end":{"line":59,"column":82}},"33":{"start":{"line":61,"column":8},"end":{"line":65,"column":11}},"34":{"start":{"line":67,"column":8},"end":{"line":67,"column":27}},"35":{"start":{"line":68,"column":8},"end":{"line":68,"column":55}},"36":{"start":{"line":74,"column":0},"end":{"line":87,"column":3}},"37":{"start":{"line":75,"column":4},"end":{"line":86,"column":5}},"38":{"start":{"line":76,"column":19},"end":{"line":76,"column":46}},"39":{"start":{"line":77,"column":26},"end":{"line":77,"column":64}},"40":{"start":{"line":78,"column":8},"end":{"line":80,"column":9}},"41":{"start":{"line":79,"column":12},"end":{"line":79,"column":81}},"42":{"start":{"line":81,"column":29},"end":{"line":81,"column":91}},"43":{"start":{"line":82,"column":8},"end":{"line":82,"column":31}},"44":{"start":{"line":84,"column":8},"end":{"line":84,"column":27}},"45":{"start":{"line":85,"column":8},"end":{"line":85,"column":55}},"46":{"start":{"line":89,"column":0},"end":{"line":97,"column":3}},"47":{"start":{"line":90,"column":4},"end":{"line":96,"column":5}},"48":{"start":{"line":91,"column":26},"end":{"line":91,"column":90}},"49":{"start":{"line":92,"column":8},"end":{"line":92,"column":28}},"50":{"start":{"line":94,"column":8},"end":{"line":94,"column":27}},"51":{"start":{"line":95,"column":8},"end":{"line":95,"column":55}},"52":{"start":{"line":99,"column":0},"end":{"line":118,"column":3}},"53":{"start":{"line":100,"column":4},"end":{"line":117,"column":5}},"54":{"start":{"line":101,"column":28},"end":{"line":101,"column":55}},"55":{"start":{"line":102,"column":26},"end":{"line":102,"column":73}},"56":{"start":{"line":103,"column":8},"end":{"line":105,"column":9}},"57":{"start":{"line":104,"column":12},"end":{"line":104,"column":81}},"58":{"start":{"line":107,"column":29},"end":{"line":107,"column":101}},"59":{"start":{"line":108,"column":32},"end":{"line":108,"column":93}},"60":{"start":{"line":111,"column":8},"end":{"line":111,"column":80}},"61":{"start":{"line":113,"column":8},"end":{"line":113,"column":46}},"62":{"start":{"line":115,"column":8},"end":{"line":115,"column":27}},"63":{"start":{"line":116,"column":8},"end":{"line":116,"column":55}},"64":{"start":{"line":120,"column":0},"end":{"line":135,"column":3}},"65":{"start":{"line":121,"column":4},"end":{"line":134,"column":5}},"66":{"start":{"line":122,"column":8},"end":{"line":122,"column":93}},"67":{"start":{"line":125,"column":26},"end":{"line":125,"column":84}},"68":{"start":{"line":126,"column":8},"end":{"line":128,"column":9}},"69":{"start":{"line":127,"column":12},"end":{"line":127,"column":85}},"70":{"start":{"line":130,"column":8},"end":{"line":130,"column":93}},"71":{"start":{"line":132,"column":8},"end":{"line":132,"column":27}},"72":{"start":{"line":133,"column":8},"end":{"line":133,"column":55}},"73":{"start":{"line":138,"column":0},"end":{"line":146,"column":3}},"74":{"start":{"line":139,"column":4},"end":{"line":145,"column":5}},"75":{"start":{"line":140,"column":27},"end":{"line":140,"column":93}},"76":{"start":{"line":141,"column":8},"end":{"line":141,"column":29}},"77":{"start":{"line":143,"column":8},"end":{"line":143,"column":27}},"78":{"start":{"line":144,"column":8},"end":{"line":144,"column":55}},"79":{"start":{"line":148,"column":0},"end":{"line":167,"column":3}},"80":{"start":{"line":149,"column":4},"end":{"line":166,"column":5}},"81":{"start":{"line":150,"column":28},"end":{"line":150,"column":55}},"82":{"start":{"line":151,"column":26},"end":{"line":151,"column":73}},"83":{"start":{"line":152,"column":8},"end":{"line":154,"column":9}},"84":{"start":{"line":153,"column":12},"end":{"line":153,"column":81}},"85":{"start":{"line":156,"column":30},"end":{"line":156,"column":109}},"86":{"start":{"line":157,"column":33},"end":{"line":157,"column":97}},"87":{"start":{"line":160,"column":8},"end":{"line":160,"column":80}},"88":{"start":{"line":162,"column":8},"end":{"line":162,"column":47}},"89":{"start":{"line":164,"column":8},"end":{"line":164,"column":27}},"90":{"start":{"line":165,"column":8},"end":{"line":165,"column":55}},"91":{"start":{"line":169,"column":0},"end":{"line":184,"column":3}},"92":{"start":{"line":170,"column":4},"end":{"line":183,"column":5}},"93":{"start":{"line":171,"column":8},"end":{"line":171,"column":96}},"94":{"start":{"line":174,"column":26},"end":{"line":174,"column":84}},"95":{"start":{"line":175,"column":8},"end":{"line":177,"column":9}},"96":{"start":{"line":176,"column":12},"end":{"line":176,"column":85}},"97":{"start":{"line":179,"column":8},"end":{"line":179,"column":95}},"98":{"start":{"line":181,"column":8},"end":{"line":181,"column":27}},"99":{"start":{"line":182,"column":8},"end":{"line":182,"column":55}},"100":{"start":{"line":186,"column":0},"end":{"line":186,"column":24}}},"fnMap":{"0":{"name":"(anonymous_0)","decl":{"start":{"line":10,"column":16},"end":{"line":10,"column":17}},"loc":{"start":{"line":10,"column":36},"end":{"line":32,"column":1}},"line":10},"1":{"name":"(anonymous_1)","decl":{"start":{"line":34,"column":17},"end":{"line":34,"column":18}},"loc":{"start":{"line":34,"column":37},"end":{"line":46,"column":1}},"line":34},"2":{"name":"(anonymous_2)","decl":{"start":{"line":48,"column":19},"end":{"line":48,"column":20}},"loc":{"start":{"line":48,"column":39},"end":{"line":70,"column":1}},"line":48},"3":{"name":"(anonymous_3)","decl":{"start":{"line":74,"column":25},"end":{"line":74,"column":26}},"loc":{"start":{"line":74,"column":45},"end":{"line":87,"column":1}},"line":74},"4":{"name":"(anonymous_4)","decl":{"start":{"line":89,"column":29},"end":{"line":89,"column":30}},"loc":{"start":{"line":89,"column":49},"end":{"line":97,"column":1}},"line":89},"5":{"name":"(anonymous_5)","decl":{"start":{"line":99,"column":30},"end":{"line":99,"column":31}},"loc":{"start":{"line":99,"column":50},"end":{"line":118,"column":1}},"line":99},"6":{"name":"(anonymous_6)","decl":{"start":{"line":120,"column":62},"end":{"line":120,"column":63}},"loc":{"start":{"line":120,"column":82},"end":{"line":135,"column":1}},"line":120},"7":{"name":"(anonymous_7)","decl":{"start":{"line":138,"column":30},"end":{"line":138,"column":31}},"loc":{"start":{"line":138,"column":50},"end":{"line":146,"column":1}},"line":138},"8":{"name":"(anonymous_8)","decl":{"start":{"line":148,"column":31},"end":{"line":148,"column":32}},"loc":{"start":{"line":148,"column":51},"end":{"line":167,"column":1}},"line":148},"9":{"name":"(anonymous_9)","decl":{"start":{"line":169,"column":64},"end":{"line":169,"column":65}},"loc":{"start":{"line":169,"column":84},"end":{"line":184,"column":1}},"line":169}},"branchMap":{"0":{"loc":{"start":{"line":12,"column":33},"end":{"line":12,"column":58}},"type":"binary-expr","locations":[{"start":{"line":12,"column":33},"end":{"line":12,"column":51}},{"start":{"line":12,"column":55},"end":{"line":12,"column":58}}],"line":12},"1":{"loc":{"start":{"line":13,"column":30},"end":{"line":13,"column":51}},"type":"binary-expr","locations":[{"start":{"line":13,"column":30},"end":{"line":13,"column":44}},{"start":{"line":13,"column":48},"end":{"line":13,"column":51}}],"line":13},"2":{"loc":{"start":{"line":14,"column":31},"end":{"line":14,"column":54}},"type":"binary-expr","locations":[{"start":{"line":14,"column":31},"end":{"line":14,"column":46}},{"start":{"line":14,"column":50},"end":{"line":14,"column":54}}],"line":14},"3":{"loc":{"start":{"line":15,"column":23},"end":{"line":15,"column":45}},"type":"binary-expr","locations":[{"start":{"line":15,"column":23},"end":{"line":15,"column":39}},{"start":{"line":15,"column":43},"end":{"line":15,"column":45}}],"line":15},"4":{"loc":{"start":{"line":37,"column":24},"end":{"line":37,"column":77}},"type":"cond-expr","locations":[{"start":{"line":37,"column":56},"end":{"line":37,"column":73}},{"start":{"line":37,"column":76},"end":{"line":37,"column":77}}],"line":37},"5":{"loc":{"start":{"line":37,"column":24},"end":{"line":37,"column":53}},"type":"binary-expr","locations":[{"start":{"line":37,"column":24},"end":{"line":37,"column":32}},{"start":{"line":37,"column":36},"end":{"line":37,"column":53}}],"line":37},"6":{"loc":{"start":{"line":51,"column":24},"end":{"line":51,"column":77}},"type":"cond-expr","locations":[{"start":{"line":51,"column":56},"end":{"line":51,"column":73}},{"start":{"line":51,"column":76},"end":{"line":51,"column":77}}],"line":51},"7":{"loc":{"start":{"line":51,"column":24},"end":{"line":51,"column":53}},"type":"binary-expr","locations":[{"start":{"line":51,"column":24},"end":{"line":51,"column":32}},{"start":{"line":51,"column":36},"end":{"line":51,"column":53}}],"line":51},"8":{"loc":{"start":{"line":54,"column":8},"end":{"line":56,"column":9}},"type":"if","locations":[{"start":{"line":54,"column":8},"end":{"line":56,"column":9}},{"start":{},"end":{}}],"line":54},"9":{"loc":{"start":{"line":78,"column":8},"end":{"line":80,"column":9}},"type":"if","locations":[{"start":{"line":78,"column":8},"end":{"line":80,"column":9}},{"start":{},"end":{}}],"line":78},"10":{"loc":{"start":{"line":103,"column":8},"end":{"line":105,"column":9}},"type":"if","locations":[{"start":{"line":103,"column":8},"end":{"line":105,"column":9}},{"start":{},"end":{}}],"line":103},"11":{"loc":{"start":{"line":126,"column":8},"end":{"line":128,"column":9}},"type":"if","locations":[{"start":{"line":126,"column":8},"end":{"line":128,"column":9}},{"start":{},"end":{}}],"line":126},"12":{"loc":{"start":{"line":152,"column":8},"end":{"line":154,"column":9}},"type":"if","locations":[{"start":{"line":152,"column":8},"end":{"line":154,"column":9}},{"start":{},"end":{}}],"line":152},"13":{"loc":{"start":{"line":175,"column":8},"end":{"line":177,"column":9}},"type":"if","locations":[{"start":{"line":175,"column":8},"end":{"line":177,"column":9}},{"start":{},"end":{}}],"line":175}},"s":{"0":1,"1":1,"2":1,"3":1,"4":1,"5":1,"6":0,"7":0,"8":0,"9":0,"10":0,"11":0,"12":0,"13":0,"14":0,"15":0,"16":1,"17":1,"18":1,"19":1,"20":1,"21":1,"22":0,"23":0,"24":1,"25":1,"26":1,"27":1,"28":1,"29":1,"30":0,"31":1,"32":1,"33":1,"34":0,"35":0,"36":1,"37":0,"38":0,"39":0,"40":0,"41":0,"42":0,"43":0,"44":0,"45":0,"46":1,"47":0,"48":0,"49":0,"50":0,"51":0,"52":1,"53":1,"54":1,"55":1,"56":1,"57":0,"58":1,"59":1,"60":1,"61":1,"62":0,"63":0,"64":1,"65":0,"66":0,"67":0,"68":0,"69":0,"70":0,"71":0,"72":0,"73":1,"74":0,"75":0,"76":0,"77":0,"78":0,"79":1,"80":1,"81":1,"82":1,"83":1,"84":0,"85":1,"86":1,"87":1,"88":1,"89":0,"90":0,"91":1,"92":0,"93":0,"94":0,"95":0,"96":0,"97":0,"98":0,"99":0,"100":1},"f":{"0":0,"1":1,"2":1,"3":0,"4":0,"5":1,"6":0,"7":0,"8":1,"9":0},"b":{"0":[0,0],"1":[0,0],"2":[0,0],"3":[0,0],"4":[0,1],"5":[1,1],"6":[0,1],"7":[1,1],"8":[0,1],"9":[0,0],"10":[0,1],"11":[0,0],"12":[0,1],"13":[0,0]},"_coverageSchema":"1a1c01bbd47fc00a2c39e90264f33305004495a9","hash":"6786a2657d196db495185827f6d82323c6115440","contentHash":"445d6188d71b8385615e275763bd5951b8fe0e30c05584d8b975d1e4e3f295cc"},"C:\\Users\\minor\\Documents\\desarrollo\\proyectos-node\\api_node\\models\\accessoriesModel.js":{"path":"C:\\Users\\minor\\Documents\\desarrollo\\proyectos-node\\api_node\\models\\accessoriesModel.js","statementMap":{"0":{"start":{"line":1,"column":11},"end":{"line":1,"column":27}},"1":{"start":{"line":2,"column":33},"end":{"line":2,"column":70}},"2":{"start":{"line":15,"column":25},"end":{"line":19,"column":5}},"3":{"start":{"line":20,"column":30},"end":{"line":20,"column":73}},"4":{"start":{"line":21,"column":32},"end":{"line":21,"column":61}},"5":{"start":{"line":24,"column":23},"end":{"line":24,"column":92}},"6":{"start":{"line":25,"column":31},"end":{"line":25,"column":32}},"7":{"start":{"line":26,"column":4},"end":{"line":32,"column":5}},"8":{"start":{"line":29,"column":38},"end":{"line":29,"column":103}},"9":{"start":{"line":30,"column":31},"end":{"line":30,"column":81}},"10":{"start":{"line":31,"column":8},"end":{"line":31,"column":68}},"11":{"start":{"line":35,"column":23},"end":{"line":35,"column":89}},"12":{"start":{"line":36,"column":24},"end":{"line":43,"column":5}},"
[...]
{"line":2,"column":45}},"2":{"start":{"line":3,"column":15},"end":{"line":3,"column":31}},"3":{"start":{"line":4,"column":19},"end":{"line":4,"column":51}},"4":{"start":{"line":94,"column":0},"end":{"line":97,"column":4}},"5":{"start":{"line":95,"column":17},"end":{"line":95,"column":42}},"6":{"start":{"line":96,"column":4},"end":{"line":96,"column":19}},"7":{"start":{"line":100,"column":0},"end":{"line":103,"column":4}},"8":{"start":{"line":101,"column":18},"end":{"line":101,"column":43}},"9":{"start":{"line":102,"column":4},"end":{"line":102,"column":20}},"10":{"start":{"line":106,"column":0},"end":{"line":112,"column":4}},"11":{"start":{"line":107,"column":17},"end":{"line":107,"column":55}},"12":{"start":{"line":108,"column":4},"end":{"line":110,"column":5}},"13":{"start":{"line":109,"column":8},"end":{"line":109,"column":71}},"14":{"start":{"line":111,"column":4},"end":{"line":111,"column":19}},"15":{"start":{"line":115,"column":0},"end":{"line":118,"column":4}},"16":{"start":{"line":116,"column":20},"end":{"line":116,"column":52}},"17":{"start":{"line":117,"column":4},"end":{"line":117,"column":34}},"18":{"start":{"line":121,"column":0},"end":{"line":127,"column":4}},"19":{"start":{"line":122,"column":19},"end":{"line":122,"column":66}},"20":{"start":{"line":123,"column":4},"end":{"line":125,"column":5}},"21":{"start":{"line":124,"column":8},"end":{"line":124,"column":71}},"22":{"start":{"line":126,"column":4},"end":{"line":126,"column":46}},"23":{"start":{"line":130,"column":0},"end":{"line":136,"column":4}},"24":{"start":{"line":131,"column":19},"end":{"line":131,"column":56}},"25":{"start":{"line":132,"column":4},"end":{"line":134,"column":5}},"26":{"start":{"line":133,"column":8},"end":{"line":133,"column":71}},"27":{"start":{"line":135,"column":4},"end":{"line":135,"column":56}},"28":{"start":{"line":138,"column":0},"end":{"line":138,"column":24}}},"fnMap":{"0":{"name":"(anonymous_0)","decl":{"start":{"line":94,"column":31},"end":{"line":94,"column":32}},"loc":{"start":{"line":94,"column":51},"end":{"line":97,"column":1}},"line":94},"1":{"name":"(anonymous_1)","decl":{"start":{"line":100,"column":27},"end":{"line":100,"column":28}},"loc":{"start":{"line":100,"column":47},"end":{"line":103,"column":1}},"line":100},"2":{"name":"(anonymous_2)","decl":{"start":{"line":106,"column":30},"end":{"line":106,"column":31}},"loc":{"start":{"line":106,"column":50},"end":{"line":112,"column":1}},"line":106},"3":{"name":"(anonymous_3)","decl":{"start":{"line":115,"column":28},"end":{"line":115,"column":29}},"loc":{"start":{"line":115,"column":48},"end":{"line":118,"column":1}},"line":115},"4":{"name":"(anonymous_4)","decl":{"start":{"line":121,"column":30},"end":{"line":121,"column":31}},"loc":{"start":{"line":121,"column":50},"end":{"line":127,"column":1}},"line":121},"5":{"name":"(anonymous_5)","decl":{"start":{"line":130,"column":33},"end":{"line":130,"column":34}},"loc":{"start":{"line":130,"column":53},"end":{"line":136,"column":1}},"line":130}},"branchMap":{"0":{"loc":{"start":{"line":108,"column":4},"end":{"line":110,"column":5}},"type":"if","locations":[{"start":{"line":108,"column":4},"end":{"line":110,"column":5}},{"start":{},"end":{}}],"line":108},"1":{"loc":{"start":{"line":123,"column":4},"end":{"line":125,"column":5}},"type":"if","locations":[{"start":{"line":123,"column":4},"end":{"line":125,"column":5}},{"start":{},"end":{}}],"line":123},"2":{"loc":{"start":{"line":132,"column":4},"end":{"line":134,"column":5}},"type":"if","locations":[{"start":{"line":132,"column":4},"end":{"line":134,"column":5}},{"start":{},"end":{}}],"line":132}},"s":{"0":1,"1":1,"2":1,"3":1,"4":1,"5":0,"6":0,"7":1,"8":0,"9":0,"10":1,"11":0,"12":0,"13":0,"14":0,"15":1,"16":0,"17":0,"18":1,"19":0,"20":0,"21":0,"22":0,"23":1,"24":0,"25":0,"26":0,"27":0,"28":1},"f":{"0":0,"1":0,"2":0,"3":0,"4":0,"5":0},"b":{"0":[0,0],"1":[0,0],"2":[0,0]},"_coverageSchema":"1a1c01bbd47fc00a2c39e90264f33305004495a9","hash":"974e234d73f8d226c6cc3ea22c6b908dd9bec47e","contentHash":"90d4d28042c10235bb30d9ae6d575c6da1a46d0ea7cb3d57306b547c04590fce"},"C:\\Users\\minor\\Documents\\desarrollo\\proyectos-node\\api_node\\models\\menusModel.js":{"path":"C:\\Users\\minor\\Documents\\desarrollo\\proyectos-node\\api_node\\models\\menusModel.js","statementMap":{"0":{"start":{"line":1,"column":11},"end":{"line":1,"column":27}},"1":{"start":{"line":3,"column":20},"end":{"line":6,"column":1}},"2":{"start":{"line":4,"column":19},"end":{"line":4,"column":56}},"3":{"start":{"line":5,"column":4},"end":{"line":5,"column":16}},"4":{"start":{"line":8,"column":20},"end":{"line":11,"column":1}},"5":{"start":{"line":9,"column":19},"end":{"line":9,"column":75}},"6":{"start":{"line":10,"column":4},"end":{"line":10,"column":19}},"7":{"start":{"line":13,"column":19},"end":{"line":18,"column":1}},"8":{"start":{"line":14,"column":38},"end":{"line":14,"column":42}},"9":{"start":{"line":15,"column":16},"end":{"line":15,"column":76}},"10":{"start":{"line":16,"column":21},"end":{"line":16,"column":65}},"11":{"start":{"line":17,"column":4},"end":{"line":17,"column":44}},"12":{"start":{"line":20,"column":19},"end":{"line":25,"column":1}},"13":{"start":{"line":21,"column":38},"end":{"line":21,"column":42}},"14":{"start":{"line":22,"column":16},"end":{"line":22,"column":81}},"15":{"start":{"line":23,"column":21},"end":{"line":23,"column":69}},"16":{"start":{"line":24,"column":4},"end":{"line":24,"column":18}},"17":{"start":{"line":27,"column":19},"end":{"line":30,"column":1}},"18":{"start":{"line":28,"column":21},"end":{"line":28,"column":75}},"19":{"start":{"line":29,"column":4},"end":{"line":29,"column":18}},"20":{"start":{"line":32,"column":20},"end":{"line":50,"column":1}},"21":{"start":{"line":33,"column":19},"end":{"line":33,"column":103}},"22":{"start":{"line":34,"column":16},"end":{"line":34,"column":18}},"23":{"start":{"line":35,"column":17},"end":{"line":35,"column":19}},"24":{"start":{"line":37,"column":4},"end":{"line":39,"column":7}},"25":{"start":{"line":38,"column":8},"end":{"line":38,"column":47}},"26":{"start":{"line":41,"column":4},"end":{"line":47,"column":7}},"27":{"start":{"line":42,"column":8},"end":{"line":46,"column":9}},"28":{"start":{"line":43,"column":12},"end":{"line":43,"column":58}},"29":{"start":{"line":45,"column":12},"end":{"line":45,"column":35}},"30":{"start":{"line":49,"column":4},"end":{"line":49,"column":16}},"31":{"start":{"line":52,"column":0},"end":{"line":59,"column":2}}},"fnMap":{"0":{"name":"(anonymous_0)","decl":{"start":{"line":3,"column":20},"end":{"line":3,"column":21}},"loc":{"start":{"line":3,"column":32},"end":{"line":6,"column":1}},"line":3},"1":{"name":"(anonymous_1)","decl":{"start":{"line":8,"column":20},"end":{"line":8,"column":21}},"loc":{"start":{"line":8,"column":34},"end":{"line":11,"column":1}},"line":8},"2":{"name":"(anonymous_2)","decl":{"start":{"line":13,"column":19},"end":{"line":13,"column":20}},"loc":{"start":{"line":13,"column":35},"end":{"line":18,"column":1}},"line":13},"3":{"name":"(anonymous_3)","decl":{"start":{"line":20,"column":19},"end":{"line":20,"column":20}},"loc":{"start":{"line":20,"column":39},"end":{"line":25,"column":1}},"line":20},"4":{"name":"(anonymous_4)","decl":{"start":{"line":27,"column":19},"end":{"line":27,"column":20}},"loc":{"start":{"line":27,"column":33},"end":{"line":30,"column":1}},"line":27},"5":{"name":"(anonymous_5)","decl":{"start":{"line":32,"column":20},"end":{"line":32,"column":21}},"loc":{"start":{"line":32,"column":32},"end":{"line":50,"column":1}},"line":32},"6":{"name":"(anonymous_6)","decl":{"start":{"line":37,"column":17},"end":{"line":37,"column":18}},"loc":{"start":{"line":37,"column":26},"end":{"line":39,"column":5}},"line":37},"7":{"name":"(anonymous_7)","decl":{"start":{"line":41,"column":17},"end":{"line":41,"column":18}},"loc":{"start":{"line":41,"column":26},"end":{"line":47,"column":5}},"line":41}},"branchMap":{"0":{"loc":{"start":{"line":42,"column":8},"end":{"line":46,"column":9}},"type":"if","locations":[{"start":{"line":42,"column":8},"end":{"line":46,"column":9}},{"start":{"line":44,"column":15},"end":{"line":46,"column":9}}],"line":42},"1":{"loc":{"start":{"line":42,"column":12},"end":{"line":42,"column":47}},"type":"binary-expr","locations":[{"start":{"line":42,"column":12},"end":{"line":42,"column":25}},{"start":{"line":42,"column":29},"end":{"line":42,"column":47}}],"line":42}},"s":{"0":1,"1":1,"2":0,"3":0,"4":1,"5":0,"6":0,"7":1,"8":0,"9":0,"10":0,"11":0,"12":1,"13":0,"14":0,"15":0,"16":0,"17":1,"18":0,"19":0,"20":1,"21":0,"22":0,"23":0,"24":0,"25":0,"26":0,"27":0,"28":0,"29":0,"30":0,"31":1},"f":{"0":0,"1":0,"2":0,"3":0,"4":0,"5":0,"6":0,"7":0},"b":{"0":[0,0],"1":[0,0]},"_coverageSchema":"1a1c01bbd47fc00a2c39e90264f33305004495a9","hash":"1220965fe89950b14fea508f3ab59dfe474e6e6b","contentHash":"c448f1d5e0f2067989b6d31cb2b40185bde44224ec6bc60f74e0d092641312ba"},"C:\\Users\\minor\\Documents\\desarrollo\\proyectos-node\\api_node\\routes\\materialTypes.js":{"path":"C:\\Users\\minor\\Documents\\desarrollo\\proyectos-node\\api_node\\routes\\materialTypes.js","statementMap":{"0":{"start":{"line":1,"column":16},"end":{"line":1,"column":34}},"1":{"start":{"line":2,"column":22},"end":{"line":2,"column":61}},"2":{"start":{"line":3,"column":15},"end":{"line":3,"column":31}},"3":{"start":{"line":4,"column":19},"end":{"line":4,"column":51}},"4":{"start":{"line":89,"column":0},"end":{"line":92,"column":4}},"5":{"start":{"line":90,"column":18},"end":{"line":90,"column":59}},"6":{"start":{"line":91,"column":4},"end":{"line":91,"column":20}},"7":{"start":{"line":94,"column":0},"end":{"line":100,"column":4}},"8":{"start":{"line":95,"column":17},"end":{"line":95,"column":71}},"9":{"start":{"line":96,"column":4},"end":{"line":98,"column":5}},"10":{"start":{"line":97,"column":8},"end":{"line":97,"column":83}},"11":{"start":{"line":99,"column":4},"end":{"line":99,"column":19}},"12":{"start":{"line":102,"column":0},"end":{"line":109,"column":3}},"13":{"start":{"line":103,"column":4},"end":{"line":108,"column":5}},"14":{"start":{"line":104,"column":24},"end":{"line":104,"column":72}},"15":{"start":{"line":105,"column":8},"end":{"line":105,"column":38}},"16":{"start":{"line":107,"column":8},"end":{"line":107,"column":57}},"17":{"start":{"line":111,"column":0},"end":{"line":121,"column":3}},"18":{"start":{"line":112,"column":4},"end":{"line":120,"column":5}},"19":{"start":{"line":113,"column":28},"end":{"line":113,"column":91}},"20":{"start":{"line":114,"column":8},"end":{"line":116,"column":9}},"21":{"start":{"line":115,"column":12},"end":{"line":115,"column":87}},"22":{"start":{"line":117,"column":8},"end":{"line":117,"column":30}},"23":{"start":{"line":119,"column":8},"end":{"line":119,"column":57}},"24":{"start":{"line":123,"column":0},"end":{"line":134,"column":3}},"25":{"start":{"line":124,"column":4},"end":{"line":133,"column":5}},"26":{"start":{"line":125,"column":21},"end":{"line":125,"column":75}},"27":{"start":{"line":126,"column":8},"end":{"line":128,"column":9}},"28":{"start":{"line":127,"column":12},"end":{"line":127,"column":87}},"29":{"start":{"line":129,"column":8},"end":{"line":129,"column":62}},"30":{"start":{"line":130,"column":8},"end":{"line":130,"column":86}},"31":{"start":{"line":132,"column":8},"end":{"line":132,"column":57}},"32":{"start":{"line":136,"column":0},"end":{"line":136,"column":24}}},"fnMap":{"0":{"name":"(anonymous_0)","decl":{"start":{"line":89,"column":27},"end":{"line":89,"column":28}},"loc":{"start":{"line":89,"column":47},"end":{"line":92,"column":1}},"line":89},"1":{"name":"(anonymous_1)","decl":{"start":{"line":94,"column":30},"end":{"line":94,"column":31}},"loc":{"start":{"line":94,"column":50},"end":{"line":100,"column":1}},"line":94},"2":{"name":"(anonymous_2)","decl":{"start":{"line":102,"column":17},"end":{"line":102,"column":18}},"loc":{"start":{"line":102,"column":37},"end":{"line":109,"column":1}},"line":102},"3":{"name":"(anonymous_3)","decl":{"start":{"line":111,"column":19},"end":{"line":111,"column":20}},"loc":{"start":{"line":111,"column":39},"end":{"line":121,"column":1}},"line":111},"4":{"name":"(anonymous_4)","decl":{"start":{"line":123,"column":22},"end":{"line":123,"column":23}},"loc":{"start":{"line":123,"column":42},"end":{"line":134,"column":1}},"line":123}},"branchMap":{"0":{"loc":{"start":{"line":96,"column":4},"end":{"line":98,"column":5}},"type":"if","locations":[{"start":{"line":96,"column":4},"end":{"line":98,"column":5}},{"start":{},"end":{}}],"line":96},"1":{"loc":{"start":{"line":114,"column":8},"end":{"line":116,"column":9}},"type":"if","locations":[{"start":{"line":114,"column":8},"end":{"line":116,"column":9}},{"start":{},"end":{}}],"line":114},"2":{"loc":{"start":{"line":126,"column":8},"end":{"line":128,"column":9}},"type":"if","locations":[{"start":{"line":126,"column":8},"end":{"line":128,"column":9}},{"start":{},"end":{}}],"line":126}},"s":{"0":1,"1":1,"2":1,"3":1,"4":1,"5":1,"6":1,"7":1,"8":3,"9":3,"10":1,"11":2,"12":1,"13":1,"14":1,"15":1,"16":0,"17":1,"18":1,"19":1,"20":1,"21":0,"22":1,"23":0,"24":1,"25":1,"26":1,"27":1,"28":0,"29":1,"30":1,"31":0,"32":1},"f":{"0":1,"1":3,"2":1,"3":1,"4":1},"b":{"0":[1,2],"1":[0,1],"2":[0,1]},"_coverageSchema":"1a1c01bbd47fc00a2c39e90264f33305004495a9","hash":"a7f3d2aad4c1420c47f8e83e7784ca4643ebd9fb","contentHash":"a68c0ceb94b0a4f9a69e6e7aef300c463f60f0e03456eb968e05bf93c39467ee"},"C:\\Users\\minor\\Documents\\desarrollo\\proyectos-node\\api_node\\models\\materialTypesModel.js":{"path":"C:\\Users\\minor\\Documents\\desarrollo\\proyectos-node\\api_node\\models\\materialTypesModel.js","statementMap":{"0":{"start":{"line":1,"column":11},"end":{"line":1,"column":27}},"1":{"start":{"line":3,"column":28},"end":{"line":6,"column":1}},"2":{"start":{"line":4,"column":19},"end":{"line":4,"column":65}},"3":{"start":{"line":5,"column":4},"end":{"line":5,"column":16}},"4":{"start":{"line":8,"column":28},"end":{"line":11,"column":1}},"5":{"start":{"line":9,"column":19},"end":{"line":9,"column":84}},"6":{"start":{"line":10,"column":4},"end":{"line":10,"column":19}},"7":{"start":{"line":13,"column":27},"end":{"line":19,"column":1}},"8":{"start":{"line":14,"column":34},"end":{"line":14,"column":38}},"9":{"start":{"line":15,"column":16},"end":{"line":15,"column":78}},"10":{"start":{"line":16,"column":21},"end":{"line":16,"column":61}},"11":{"start":{"line":17,"column":22},"end":{"line":17,"column":100}},"12":{"start":{"line":18,"column":4},"end":{"line":18,"column":22}},"13":{"start":{"line":21,"column":27},"end":{"line":26,"column":1}},"14":{"start":{"line":22,"column":34},"end":{"line":22,"column":38}},"15":{"start":{"line":23,"column":16},"end":{"line":23,"column":82}},"16":{"start":{"line":24,"column":4},"end":{"line":24,"column":49}},"17":{"start":{"line":25,"column":4},"end":{"line":25,"column":35}},"18":{"start":{"line":28,"column":27},"end":{"line":31,"column":1}},"19":{"start":{"line":29,"column":21},"end":{"line":29,"column":84}},"20":{"start":{"line":30,"column":4},"end":{"line":30,"column":18}},"21":{"start":{"line":33,"column":0},"end":{"line":39,"column":2}}},"fnMap":{"0":{"name":"(anonymous_0)","decl":{"start":{"line":3,"column":28},"end":{"line":3,"column":29}},"loc":{"start":{"line":3,"column":40},"end":{"line":6,"column":1}},"line":3},"1":{"name":"(anonymous_1)","decl":{"start":{"line":8,"column":28},"end":{"line":8,"column":29}},"loc":{"start":{"line":8,"column":42},"end":{"line":11,"column":1}},"line":8},"2":{"name":"(anonymous_2)","decl":{"start":{"line":13,"column":27},"end":{"line":13,"column":28}},"loc":{"start":{"line":13,"column":43},"end":{"line":19,"column":1}},"line":13},"3":{"name":"(anonymous_3)","decl":{"start":{"line":21,"column":27},"end":{"line":21,"column":28}},"loc":{"start":{"line":21,"column":47},"end":{"line":26,"column":1}},"line":21},"4":{"name":"(anonymous_4)","decl":{"start":{"line":28,"column":27},"end":{"line":28,"column":28}},"loc":{"start":{"line":28,"column":41},"end":{"line":31,"column":1}},"line":28}},"branchMap":{},"s":{"0":1,"1":1,"2":1,"3":1,"4":1,"5":5,"6":5,"7":1,"8":1,"9":1,"10":1,"11":1,"12":1,"13":1,"14":1,"15":1,"16":1,"17":1,"18":1,"19":1,"20":1,"21":1},"f":{"0":1,"1":5,"2":1,"3":1,"4":1},"b":{},"_coverageSchema":"1a1c01bbd47fc00a2c39e90264f33305004495a9","hash":"761389277a102c444fe692494543ad7fc8f5a9cf","contentHash":"f9868ed01b8b5f5695dfaa4e9d3e2c201d07ccf5e729f062ef638ba335db449d"},"C:\\Users\\minor\\Documents\\desarrollo\\proyectos-node\\api_node\\middlewares\\auth.js":{"path":"C:\\Users\\minor\\Documents\\desarrollo\\proyectos-node\\api_node\\middlewares\\auth.js","statementMap":{"0":{"start":{"line":1,"column":12},"end":{"line":1,"column":35}},"1":{"start":{"line":3,"column":24},"end":{"line":26,"column":1}},"2":{"start":{"line":4,"column":24},"end":{"line":4,"column":39}},"3":{"start":{"line":5,"column":24},"end":{"line":7,"column":14}},"4":{"start":{"line":9,"column":18},"end":{"line":9,"column":44}},"5":{"start":{"line":11,"column":4},"end":{"line":13,"column":5}},"6":{"start":{"line":12,"column":8},"end":{"line":12,"column":75}},"7":{"start":{"line":15,"column":4},"end":{"line":17,"column":5}},"8":{"start":{"line":16,"column":8},"end":{"line":16,"column":76}},"9":{"start":{"line":19,"column":4},"end":{"line":25,"column":7}},"10":{"start":{"line":20,"column":8},"end":{"line":22,"column":9}},"11":{"start":{"line":21,"column":12},"end":{"line":21,"column":71}},"12":{"start":{"line":23,"column":8},"end":{"line":23,"column":24}},"13":{"start":{"line":24,"column":8},"end":{"line":24,"column":15}},"14":{"start":{"line":28,"column":0},"end":{"line":28,"column":37}}},"fnMap":{"0":{"name":"(anonymous_0)","decl":{"start":{"line":3,"column":24},"end":{"line":3,"column":25}},"loc":{"start":{"line":3,"column":44},"end":{"line":26,"column":1}},"line":3},"1":{"name":"(anonymous_1)","decl":{"start":{"line":19,"column":46},"end":{"line":19,"column":47}},"loc":{"start":{"line":19,"column":61},"end":{"line":25,"column":5}},"line":19}},"branchMap":{"0":{"loc":{"start":{"line":5,"column":24},"end":{"line":7,"column":14}},"type":"cond-expr","locations":[{"start":{"line":6,"column":10},"end":{"line":6,"column":49}},{"start":{"line":7,"column":10},"end":{"line":7,"column":14}}],"line":5},"1":{"loc":{"start":{"line":5,"column":24},"end":{"line":5,"column":100}},"type":"binary-expr","locations":[{"start":{"line":5,"column":24},"end":{"line":5,"column":49}},{"start":{"line":5,"column":53},"end":{"line":5,"column":100}}],"line":5},"2":{"loc":{"start":{"line":9,"column":18},"end":{"line":9,"column":44}},"type":"binary-expr","locations":[{"start":{"line":9,"column":18},"end":{"line":9,"column":29}},{"start":{"line":9,"column":33},"end":{"line":9,"column":44}}],"line":9},"3":{"loc":{"start":{"line":11,"column":4},"end":{"line":13,"column":5}},"type":"if","locations":[{"start":{"line":11,"column":4},"end":{"line":13,"column":5}},{"start":{},"end":{}}],"line":11},"4":{"loc":{"start":{"line":15,"column":4},"end":{"line":17,"column":5}},"type":"if","locations":[{"start":{"line":15,"column":4},"end":{"line":17,"column":5}},{"start":{},"end":{}}],"line":15},"5":{"loc":{"start":{"line":15,"column":8},"end":{"line":15,"column":65}},"type":"binary-expr","locations":[{"start":{"line":15,"column":8},"end":{"line":15,"column":19}},{"start":{"line":15,"column":23},"end":{"line":15,"column":34}},{"start":{"line":15,"column":38},"end":{"line":15,"column":65}}],"line":15},"6":{"loc":{"start":{"line":20,"column":8},"end":{"line":22,"column":9}},"type":"if","locations":[{"start":{"line":20,"column":8},"end":{"line":22,"column":9}},{"start":{},"end":{}}],"line":20}},"s":{"0":1,"1":1,"2":39,"3":39,"4":39,"5":39,"6":0,"7":39,"8":0,"9":39,"10":39,"11":0,"12":39,"13":39,"14":1},"f":{"0":39,"1":39},"b":{"0":[39,0],"1":[39,39],"2":[39,0],"3":[0,39],"4":[0,39],"5":[39,39,0],"6":[0,39]},"_coverageSchema":"1a1c01bbd47fc00a2c39e90264f33305004495a9","hash":"025525f3a5eb044a5014ccd717488c3495702722","contentHash":"01c59e96ca4c67e6aeb71e6f3614385e7ca6aabb2545b438eefe115130844c4a"}}